<?xml version="1.0" encoding="UTF-8"?>
<!-- Generated by org.testng.reporters.JUnitXMLReporter -->
<testsuite hostname="TATRC-17323" ignored="0" name="Admin - Locked Accounts - Lock and Unlock" tests="1" failures="1" timestamp="07 Nov 2019 13:13:32 GMT" time="55.338" errors="0">
  <testcase name="execute" time="54.442" classname="testCases.Admin.LockedAccountsLockAndUnlock">
    <failure type="org.openqa.selenium.NoSuchElementException" message="Cannot locate element with text: Locked Account - User (lockedAccount@mail.mil)
For documentation on this error, please visit: https://www.seleniumhq.org/exceptions/no_such_element.html
Build info: version: &amp;apos;3.141.59&amp;apos;, revision: &amp;apos;e82be7d358&amp;apos;, time: &amp;apos;2018-11-14T08:17:03&amp;apos;
System info: host: &amp;apos;TATRC-17323&amp;apos;, ip: &amp;apos;172.22.2.97&amp;apos;, os.name: &amp;apos;Windows 10&amp;apos;, os.arch: &amp;apos;amd64&amp;apos;, os.version: &amp;apos;10.0&amp;apos;, java.version: &amp;apos;1.8.0_144&amp;apos;
Driver info: driver.version: unknown">
      <![CDATA[org.openqa.selenium.NoSuchElementException: Cannot locate element with text: Locked Account - User (lockedAccount@mail.mil)
For documentation on this error, please visit: https://www.seleniumhq.org/exceptions/no_such_element.html
Build info: version: '3.141.59', revision: 'e82be7d358', time: '2018-11-14T08:17:03'
System info: host: 'TATRC-17323', ip: '172.22.2.97', os.name: 'Windows 10', os.arch: 'amd64', os.version: '10.0', java.version: '1.8.0_144'
Driver info: driver.version: unknown
	at org.openqa.selenium.support.ui.Select.selectByVisibleText(Select.java:147)
	at utilities.AutomationHelper.selectSubItemInElement(AutomationHelper.java:449)
	at utilities.AutomationHelper.selectDropdownItem(AutomationHelper.java:434)
	at pageFactories.Admin.LockedAccountsPages.LockAccountPageFactory.selectUser(LockAccountPageFactory.java:47)
	at testCases.Admin.LockedAccountsLockAndUnlock.execute(LockedAccountsLockAndUnlock.java:58)
	at java.util.concurrent.ThreadPoolExecutor.runWorker(Unknown Source)
	at java.util.concurrent.ThreadPoolExecutor$Worker.run(Unknown Source)
	at java.lang.Thread.run(Unknown Source)
... Removed 10 stack frames]]>
    </failure>
  </testcase> <!-- execute -->
</testsuite> <!-- Admin - Locked Accounts - Lock and Unlock -->
