<?xml version="1.0" encoding="UTF-8"?>
<!-- Generated by org.testng.reporters.JUnitXMLReporter -->
<testsuite hostname="TATRC-17323" ignored="0" name="Admin - Simulation - Training Type - Add/Edit/Delete/ErrorCheck " tests="1" failures="0" timestamp="09 May 2019 14:36:11 GMT" time="107.139" errors="0">
  <testcase name="execute" time="106.536" classname="testCases.Admin.Simulation.TrainingTypeAddEditDelete"/>
</testsuite> <!-- Admin - Simulation - Training Type - Add/Edit/Delete/ErrorCheck  -->
