<?xml version="1.0" encoding="UTF-8"?>
<!-- Generated by org.testng.reporters.JUnitXMLReporter -->
<testsuite hostname="TATRC-17323" ignored="0" name="Admin - Metadata - Metadata Category - Add/Edit/Delete/ErrorCheck" tests="1" failures="1" timestamp="07 Nov 2019 13:29:03 GMT" time="84.975" errors="0">
  <testcase name="execute" time="84.177" classname="testCases.Admin.Metadata.MetadataCategoryAddEditDelete">
    <failure type="java.lang.AssertionError" message="Validate URL changed to https://nat-p12.tatrc.org/JMedSim_Test/MetadataCategories/Index.* expected [true] but found [false]">
      <![CDATA[java.lang.AssertionError: Validate URL changed to https://nat-p12.tatrc.org/JMedSim_Test/MetadataCategories/Index.* expected [true] but found [false]
	at pageFactories.MenusPageFactory.<init>(MenusPageFactory.java:38)
	at pageFactories.IndexBase.<init>(IndexBase.java:30)
	at pageFactories.Admin.AdminMetadataPages.MetadataCategoryPageFactory.<init>(MetadataCategoryPageFactory.java:28)
	at testCases.Admin.Metadata.MetadataCategoryAddEditDelete.editNewMetadataCategoryRecord(MetadataCategoryAddEditDelete.java:155)
	at testCases.Admin.Metadata.MetadataCategoryAddEditDelete.execute(MetadataCategoryAddEditDelete.java:98)
	at java.util.concurrent.ThreadPoolExecutor.runWorker(Unknown Source)
	at java.util.concurrent.ThreadPoolExecutor$Worker.run(Unknown Source)
	at java.lang.Thread.run(Unknown Source)
... Removed 13 stack frames]]>
    </failure>
  </testcase> <!-- execute -->
</testsuite> <!-- Admin - Metadata - Metadata Category - Add/Edit/Delete/ErrorCheck -->
