<?xml version="1.0" encoding="UTF-8"?>
<!-- Generated by org.testng.reporters.JUnitXMLReporter -->
<testsuite hostname="TATRC-17323" ignored="0" name="Admin - Simulation - Learner Profile - Add/Edit/Delete/ErrorCheck" tests="1" failures="0" timestamp="07 Nov 2019 13:18:31 GMT" time="106.622" errors="0">
  <testcase name="execute" time="105.906" classname="testCases.Admin.Simulation.LearnerProfileAddEditDelete"/>
</testsuite> <!-- Admin - Simulation - Learner Profile - Add/Edit/Delete/ErrorCheck -->
