<?xml version="1.0" encoding="UTF-8"?>
<testng-results skipped="0" failed="15" ignored="0" total="30" passed="15">
  <reporter-output>
    <line>
      <![CDATA[<br>]]>
    </line>
    <line>
      <![CDATA[<b>Class: <u>modularScripts.LoginMod</u></b>]]>
    </line>
    <line>
      <![CDATA[<br>]]>
    </line>
    <line>
      <![CDATA[Method: execute]]>
    </line>
    <line>
      <![CDATA[]]>
    </line>
    <line>
      <![CDATA[Method: readPageTitle]]>
    </line>
    <line>
      <![CDATA[]]>
    </line>
    <line>
      <![CDATA[<b style='color:green;'>Validation:</b> Validating Login Page Title]]>
    </line>
    <line>
      <![CDATA[<br>]]>
    </line>
    <line>
      <![CDATA[<b style='color:green;'>Matches:</b> Log in]]>
    </line>
    <line>
      <![CDATA[<br>]]>
    </line>
    <line>
      <![CDATA[Method: clickOkInDODBanner]]>
    </line>
    <line>
      <![CDATA[]]>
    </line>
    <line>
      <![CDATA[Method: setEmail]]>
    </line>
    <line>
      <![CDATA[]]>
    </line>
    <line>
      <![CDATA[Method: setPassword]]>
    </line>
    <line>
      <![CDATA[]]>
    </line>
    <line>
      <![CDATA[Method: clickLogin]]>
    </line>
    <line>
      <![CDATA[]]>
    </line>
    <line>
      <![CDATA[Method: readPageTitle]]>
    </line>
    <line>
      <![CDATA[]]>
    </line>
    <line>
      <![CDATA[Method: updatePassword]]>
    </line>
    <line>
      <![CDATA[]]>
    </line>
    <line>
      <![CDATA[***Password has expired. Updating password***]]>
    </line>
    <line>
      <![CDATA[Waiting for page to load completely...]]>
    </line>
    <line>
      <![CDATA[The page 'Change Password - JMedSim' is fully loaded now.]]>
    </line>
    <line>
      <![CDATA[]]>
    </line>
    <line>
      <![CDATA[Method: readSummaryErrors]]>
    </line>
    <line>
      <![CDATA[]]>
    </line>
    <line>
      <![CDATA[New Password Generated: bPha6,oOev~@Mv!]]>
    </line>
    <line>
      <![CDATA[Method: setCurrentPassword]]>
    </line>
    <line>
      <![CDATA[]]>
    </line>
    <line>
      <![CDATA[Method: setNewPassword]]>
    </line>
    <line>
      <![CDATA[]]>
    </line>
    <line>
      <![CDATA[Method: setConfirmNewPassword]]>
    </line>
    <line>
      <![CDATA[]]>
    </line>
    <line>
      <![CDATA[Method: clickChangePassword]]>
    </line>
    <line>
      <![CDATA[]]>
    </line>
    <line>
      <![CDATA[Waiting for page to load completely...]]>
    </line>
    <line>
      <![CDATA[The page 'Manage Account - JMedSim' is fully loaded now.]]>
    </line>
    <line>
      <![CDATA[]]>
    </line>
    <line>
      <![CDATA[Writing value 'P@ssword1' to worksheet 'Name: /xl/worksheets/sheet1.xml - Content Type: application/vnd.openxmlformats-officedocument.spreadsheetml.worksheet+xml' in column index '3'...]]>
    </line>
    <line>
      <![CDATA[Excel file updated]]>
    </line>
    <line>
      <![CDATA[Writing value 'tz'1`{im4qC$Mlh' to worksheet 'Name: /xl/worksheets/sheet1.xml - Content Type: application/vnd.openxmlformats-officedocument.spreadsheetml.worksheet+xml' in column index '2'...]]>
    </line>
    <line>
      <![CDATA[Excel file updated]]>
    </line>
    <line>
      <![CDATA[Writing value 'bPha6,oOev~@Mv!' to worksheet 'Name: /xl/worksheets/sheet1.xml - Content Type: application/vnd.openxmlformats-officedocument.spreadsheetml.worksheet+xml' in column index '1'...]]>
    </line>
    <line>
      <![CDATA[Excel file updated]]>
    </line>
    <line>
      <![CDATA[Method: readPageTitle]]>
    </line>
    <line>
      <![CDATA[]]>
    </line>
    <line>
      <![CDATA[Writing value '2019/11/07 08.06.25' to worksheet 'Name: /xl/worksheets/sheet1.xml - Content Type: application/vnd.openxmlformats-officedocument.spreadsheetml.worksheet+xml' in column index '8'...]]>
    </line>
    <line>
      <![CDATA[Excel file updated]]>
    </line>
    <line>
      <![CDATA[Waiting for page to load completely...]]>
    </line>
    <line>
      <![CDATA[The page 'Manage Account - JMedSim' is fully loaded now.]]>
    </line>
    <line>
      <![CDATA[]]>
    </line>
    <line>
      <![CDATA[Method: clickLogOffInHelloUser]]>
    </line>
    <line>
      <![CDATA[]]>
    </line>
    <line>
      <![CDATA[<br>]]>
    </line>
    <line>
      <![CDATA[<b>Class: <u>utilities.AutomationHelper</u></b>]]>
    </line>
    <line>
      <![CDATA[<br>]]>
    </line>
    <line>
      <![CDATA[Method: finishTest]]>
    </line>
    <line>
      <![CDATA[]]>
    </line>
    <line>
      <![CDATA[Logged in as user: SiteAdmin@mail.mil]]>
    </line>
    <line>
      <![CDATA[<br>]]>
    </line>
    <line>
      <![CDATA[<b>Class: <u>modularScripts.LoginMod</u></b>]]>
    </line>
    <line>
      <![CDATA[<br>]]>
    </line>
    <line>
      <![CDATA[Method: execute]]>
    </line>
    <line>
      <![CDATA[]]>
    </line>
    <line>
      <![CDATA[Method: readPageTitle]]>
    </line>
    <line>
      <![CDATA[]]>
    </line>
    <line>
      <![CDATA[<b style='color:green;'>Validation:</b> Validating Login Page Title]]>
    </line>
    <line>
      <![CDATA[<br>]]>
    </line>
    <line>
      <![CDATA[<b style='color:green;'>Matches:</b> Log in]]>
    </line>
    <line>
      <![CDATA[<br>]]>
    </line>
    <line>
      <![CDATA[Method: clickOkInDODBanner]]>
    </line>
    <line>
      <![CDATA[]]>
    </line>
    <line>
      <![CDATA[Method: setEmail]]>
    </line>
    <line>
      <![CDATA[]]>
    </line>
    <line>
      <![CDATA[Method: setPassword]]>
    </line>
    <line>
      <![CDATA[]]>
    </line>
    <line>
      <![CDATA[Method: clickLogin]]>
    </line>
    <line>
      <![CDATA[]]>
    </line>
    <line>
      <![CDATA[Method: readPageTitle]]>
    </line>
    <line>
      <![CDATA[]]>
    </line>
    <line>
      <![CDATA[Method: readPageTitle]]>
    </line>
    <line>
      <![CDATA[]]>
    </line>
    <line>
      <![CDATA[Writing value '2019/11/07 08.06.36' to worksheet 'Name: /xl/worksheets/sheet1.xml - Content Type: application/vnd.openxmlformats-officedocument.spreadsheetml.worksheet+xml' in column index '8'...]]>
    </line>
    <line>
      <![CDATA[Excel file updated]]>
    </line>
    <line>
      <![CDATA[Method: validateMyMenuOptionsSize]]>
    </line>
    <line>
      <![CDATA[]]>
    </line>
    <line>
      <![CDATA[Asserting that the My Menu size is = 4]]>
    </line>
    <line>
      <![CDATA[My Menu - Sub Menu Size: 4]]>
    </line>
    <line>
      <![CDATA[My Menu URL # 1:https://nat-p12.tatrc.org/JMedSim_Test/Simulations/Index]]>
    </line>
    <line>
      <![CDATA[My Menu URL # 2:https://nat-p12.tatrc.org/JMedSim_Test/UserContent/Index]]>
    </line>
    <line>
      <![CDATA[My Menu URL # 3:https://nat-p12.tatrc.org/JMedSim_Test/MetadataDetails/Index]]>
    </line>
    <line>
      <![CDATA[My Menu URL # 4:https://nat-p12.tatrc.org/JMedSim_Test/Feedback/Index]]>
    </line>
    <line>
      <![CDATA[Waiting for page to load completely...]]>
    </line>
    <line>
      <![CDATA[The page 'JMedSIM - JMedSim' is fully loaded now.]]>
    </line>
    <line>
      <![CDATA[]]>
    </line>
    <line>
      <![CDATA[Method: readPageHeader]]>
    </line>
    <line>
      <![CDATA[]]>
    </line>
    <line>
      <![CDATA[<b style='color:green;'>Validation:</b> Unknown]]>
    </line>
    <line>
      <![CDATA[<br>]]>
    </line>
    <line>
      <![CDATA[<b style='color:green;'>Matches:</b> JMedSIM]]>
    </line>
    <line>
      <![CDATA[<br>]]>
    </line>
    <line>
      <![CDATA[Method: clickSimulationInMyMenu]]>
    </line>
    <line>
      <![CDATA[]]>
    </line>
    <line>
      <![CDATA[Logged in as user: scott_site_TATRC_super_user@mail.mil]]>
    </line>
    <line>
      <![CDATA[<br>]]>
    </line>
    <line>
      <![CDATA[<b>Class: <u>modularScripts.LoginMod</u></b>]]>
    </line>
    <line>
      <![CDATA[<br>]]>
    </line>
    <line>
      <![CDATA[Method: execute]]>
    </line>
    <line>
      <![CDATA[]]>
    </line>
    <line>
      <![CDATA[Method: readPageTitle]]>
    </line>
    <line>
      <![CDATA[]]>
    </line>
    <line>
      <![CDATA[<b style='color:green;'>Validation:</b> Validating Login Page Title]]>
    </line>
    <line>
      <![CDATA[<br>]]>
    </line>
    <line>
      <![CDATA[<b style='color:green;'>Matches:</b> Log in]]>
    </line>
    <line>
      <![CDATA[<br>]]>
    </line>
    <line>
      <![CDATA[Method: clickOkInDODBanner]]>
    </line>
    <line>
      <![CDATA[]]>
    </line>
    <line>
      <![CDATA[Method: setEmail]]>
    </line>
    <line>
      <![CDATA[]]>
    </line>
    <line>
      <![CDATA[Method: setPassword]]>
    </line>
    <line>
      <![CDATA[]]>
    </line>
    <line>
      <![CDATA[Method: clickLogin]]>
    </line>
    <line>
      <![CDATA[]]>
    </line>
    <line>
      <![CDATA[Method: readPageTitle]]>
    </line>
    <line>
      <![CDATA[]]>
    </line>
    <line>
      <![CDATA[Method: readPageTitle]]>
    </line>
    <line>
      <![CDATA[]]>
    </line>
    <line>
      <![CDATA[Writing value '2019/11/07 08.07.08' to worksheet 'Name: /xl/worksheets/sheet1.xml - Content Type: application/vnd.openxmlformats-officedocument.spreadsheetml.worksheet+xml' in column index '8'...]]>
    </line>
    <line>
      <![CDATA[Excel file updated]]>
    </line>
    <line>
      <![CDATA[Method: validateMyMenuOptionsSize]]>
    </line>
    <line>
      <![CDATA[]]>
    </line>
    <line>
      <![CDATA[Asserting that the My Menu size is = 4]]>
    </line>
    <line>
      <![CDATA[My Menu - Sub Menu Size: 4]]>
    </line>
    <line>
      <![CDATA[My Menu URL # 1:https://nat-p12.tatrc.org/JMedSim_Test/Simulations/Index]]>
    </line>
    <line>
      <![CDATA[My Menu URL # 2:https://nat-p12.tatrc.org/JMedSim_Test/UserContent/Index]]>
    </line>
    <line>
      <![CDATA[My Menu URL # 3:https://nat-p12.tatrc.org/JMedSim_Test/MetadataDetails/Index]]>
    </line>
    <line>
      <![CDATA[My Menu URL # 4:https://nat-p12.tatrc.org/JMedSim_Test/Feedback/Index]]>
    </line>
    <line>
      <![CDATA[Waiting for page to load completely...]]>
    </line>
    <line>
      <![CDATA[The page 'JMedSIM - JMedSim' is fully loaded now.]]>
    </line>
    <line>
      <![CDATA[]]>
    </line>
    <line>
      <![CDATA[Method: readPageHeader]]>
    </line>
    <line>
      <![CDATA[]]>
    </line>
    <line>
      <![CDATA[<b style='color:green;'>Validation:</b> Unknown]]>
    </line>
    <line>
      <![CDATA[<br>]]>
    </line>
    <line>
      <![CDATA[<b style='color:green;'>Matches:</b> JMedSIM]]>
    </line>
    <line>
      <![CDATA[<br>]]>
    </line>
    <line>
      <![CDATA[Method: clickSimulationInMyMenu]]>
    </line>
    <line>
      <![CDATA[]]>
    </line>
    <line>
      <![CDATA[<br>]]>
    </line>
    <line>
      <![CDATA[<b>Class: <u>utilities.AutomationHelper</u></b>]]>
    </line>
    <line>
      <![CDATA[<br>]]>
    </line>
    <line>
      <![CDATA[Method: finishTest]]>
    </line>
    <line>
      <![CDATA[]]>
    </line>
    <line>
      <![CDATA[Logged in as user: scott_DHA_system_admin@mail.mil]]>
    </line>
    <line>
      <![CDATA[<br>]]>
    </line>
    <line>
      <![CDATA[<b>Class: <u>modularScripts.LoginMod</u></b>]]>
    </line>
    <line>
      <![CDATA[<br>]]>
    </line>
    <line>
      <![CDATA[Method: execute]]>
    </line>
    <line>
      <![CDATA[]]>
    </line>
    <line>
      <![CDATA[Method: readPageTitle]]>
    </line>
    <line>
      <![CDATA[]]>
    </line>
    <line>
      <![CDATA[<b style='color:green;'>Validation:</b> Validating Login Page Title]]>
    </line>
    <line>
      <![CDATA[<br>]]>
    </line>
    <line>
      <![CDATA[<b style='color:green;'>Matches:</b> Log in]]>
    </line>
    <line>
      <![CDATA[<br>]]>
    </line>
    <line>
      <![CDATA[Method: clickOkInDODBanner]]>
    </line>
    <line>
      <![CDATA[]]>
    </line>
    <line>
      <![CDATA[Method: setEmail]]>
    </line>
    <line>
      <![CDATA[]]>
    </line>
    <line>
      <![CDATA[Method: setPassword]]>
    </line>
    <line>
      <![CDATA[]]>
    </line>
    <line>
      <![CDATA[Method: clickLogin]]>
    </line>
    <line>
      <![CDATA[]]>
    </line>
    <line>
      <![CDATA[Method: readPageTitle]]>
    </line>
    <line>
      <![CDATA[]]>
    </line>
    <line>
      <![CDATA[Method: readPageTitle]]>
    </line>
    <line>
      <![CDATA[]]>
    </line>
    <line>
      <![CDATA[Writing value '2019/11/07 08.07.43' to worksheet 'Name: /xl/worksheets/sheet1.xml - Content Type: application/vnd.openxmlformats-officedocument.spreadsheetml.worksheet+xml' in column index '8'...]]>
    </line>
    <line>
      <![CDATA[Excel file updated]]>
    </line>
    <line>
      <![CDATA[Method: validateMyMenuOptionsSize]]>
    </line>
    <line>
      <![CDATA[]]>
    </line>
    <line>
      <![CDATA[Asserting that the My Menu size is = 4]]>
    </line>
    <line>
      <![CDATA[My Menu - Sub Menu Size: 4]]>
    </line>
    <line>
      <![CDATA[My Menu URL # 1:https://nat-p12.tatrc.org/JMedSim_Test/Simulations/Index]]>
    </line>
    <line>
      <![CDATA[My Menu URL # 2:https://nat-p12.tatrc.org/JMedSim_Test/UserContent/Index]]>
    </line>
    <line>
      <![CDATA[My Menu URL # 3:https://nat-p12.tatrc.org/JMedSim_Test/MetadataDetails/Index]]>
    </line>
    <line>
      <![CDATA[My Menu URL # 4:https://nat-p12.tatrc.org/JMedSim_Test/Feedback/Index]]>
    </line>
    <line>
      <![CDATA[Waiting for page to load completely...]]>
    </line>
    <line>
      <![CDATA[The page 'JMedSIM - JMedSim' is fully loaded now.]]>
    </line>
    <line>
      <![CDATA[]]>
    </line>
    <line>
      <![CDATA[Method: readPageHeader]]>
    </line>
    <line>
      <![CDATA[]]>
    </line>
    <line>
      <![CDATA[<b style='color:green;'>Validation:</b> Unknown]]>
    </line>
    <line>
      <![CDATA[<br>]]>
    </line>
    <line>
      <![CDATA[<b style='color:green;'>Matches:</b> JMedSIM]]>
    </line>
    <line>
      <![CDATA[<br>]]>
    </line>
    <line>
      <![CDATA[Method: clickSimulationInMyMenu]]>
    </line>
    <line>
      <![CDATA[]]>
    </line>
    <line>
      <![CDATA[Logged in as user: DHASuperUser@mail.mil]]>
    </line>
    <line>
      <![CDATA[<br>]]>
    </line>
    <line>
      <![CDATA[<b>Class: <u>modularScripts.LoginMod</u></b>]]>
    </line>
    <line>
      <![CDATA[<br>]]>
    </line>
    <line>
      <![CDATA[Method: execute]]>
    </line>
    <line>
      <![CDATA[]]>
    </line>
    <line>
      <![CDATA[Method: readPageTitle]]>
    </line>
    <line>
      <![CDATA[]]>
    </line>
    <line>
      <![CDATA[<b style='color:green;'>Validation:</b> Validating Login Page Title]]>
    </line>
    <line>
      <![CDATA[<br>]]>
    </line>
    <line>
      <![CDATA[<b style='color:green;'>Matches:</b> Log in]]>
    </line>
    <line>
      <![CDATA[<br>]]>
    </line>
    <line>
      <![CDATA[Method: clickOkInDODBanner]]>
    </line>
    <line>
      <![CDATA[]]>
    </line>
    <line>
      <![CDATA[Method: setEmail]]>
    </line>
    <line>
      <![CDATA[]]>
    </line>
    <line>
      <![CDATA[Method: setPassword]]>
    </line>
    <line>
      <![CDATA[]]>
    </line>
    <line>
      <![CDATA[Method: clickLogin]]>
    </line>
    <line>
      <![CDATA[]]>
    </line>
    <line>
      <![CDATA[Method: readPageTitle]]>
    </line>
    <line>
      <![CDATA[]]>
    </line>
    <line>
      <![CDATA[Method: readPageTitle]]>
    </line>
    <line>
      <![CDATA[]]>
    </line>
    <line>
      <![CDATA[Writing value '2019/11/07 08.08.16' to worksheet 'Name: /xl/worksheets/sheet1.xml - Content Type: application/vnd.openxmlformats-officedocument.spreadsheetml.worksheet+xml' in column index '8'...]]>
    </line>
    <line>
      <![CDATA[Excel file updated]]>
    </line>
    <line>
      <![CDATA[Method: validateMyMenuOptionsSize]]>
    </line>
    <line>
      <![CDATA[]]>
    </line>
    <line>
      <![CDATA[Asserting that the My Menu size is = 4]]>
    </line>
    <line>
      <![CDATA[My Menu - Sub Menu Size: 4]]>
    </line>
    <line>
      <![CDATA[My Menu URL # 1:https://nat-p12.tatrc.org/JMedSim_Test/Simulations/Index]]>
    </line>
    <line>
      <![CDATA[My Menu URL # 2:https://nat-p12.tatrc.org/JMedSim_Test/UserContent/Index]]>
    </line>
    <line>
      <![CDATA[My Menu URL # 3:https://nat-p12.tatrc.org/JMedSim_Test/MetadataDetails/Index]]>
    </line>
    <line>
      <![CDATA[My Menu URL # 4:https://nat-p12.tatrc.org/JMedSim_Test/Feedback/Index]]>
    </line>
    <line>
      <![CDATA[Waiting for page to load completely...]]>
    </line>
    <line>
      <![CDATA[The page 'JMedSIM - JMedSim' is fully loaded now.]]>
    </line>
    <line>
      <![CDATA[]]>
    </line>
    <line>
      <![CDATA[Method: readPageHeader]]>
    </line>
    <line>
      <![CDATA[]]>
    </line>
    <line>
      <![CDATA[<b style='color:green;'>Validation:</b> Unknown]]>
    </line>
    <line>
      <![CDATA[<br>]]>
    </line>
    <line>
      <![CDATA[<b style='color:green;'>Matches:</b> JMedSIM]]>
    </line>
    <line>
      <![CDATA[<br>]]>
    </line>
    <line>
      <![CDATA[Method: clickSimulationInMyMenu]]>
    </line>
    <line>
      <![CDATA[]]>
    </line>
    <line>
      <![CDATA[<br>]]>
    </line>
    <line>
      <![CDATA[<b>Class: <u>utilities.AutomationHelper</u></b>]]>
    </line>
    <line>
      <![CDATA[<br>]]>
    </line>
    <line>
      <![CDATA[Method: finishTest]]>
    </line>
    <line>
      <![CDATA[]]>
    </line>
    <line>
      <![CDATA[Logged in askirit_Raja@yahoo.com]]>
    </line>
    <line>
      <![CDATA[<br>]]>
    </line>
    <line>
      <![CDATA[<b>Class: <u>modularScripts.LoginMod</u></b>]]>
    </line>
    <line>
      <![CDATA[<br>]]>
    </line>
    <line>
      <![CDATA[Method: execute]]>
    </line>
    <line>
      <![CDATA[]]>
    </line>
    <line>
      <![CDATA[Method: readPageTitle]]>
    </line>
    <line>
      <![CDATA[]]>
    </line>
    <line>
      <![CDATA[<b style='color:green;'>Validation:</b> Validating Login Page Title]]>
    </line>
    <line>
      <![CDATA[<br>]]>
    </line>
    <line>
      <![CDATA[<b style='color:green;'>Matches:</b> Log in]]>
    </line>
    <line>
      <![CDATA[<br>]]>
    </line>
    <line>
      <![CDATA[Method: clickOkInDODBanner]]>
    </line>
    <line>
      <![CDATA[]]>
    </line>
    <line>
      <![CDATA[Method: setEmail]]>
    </line>
    <line>
      <![CDATA[]]>
    </line>
    <line>
      <![CDATA[Method: setPassword]]>
    </line>
    <line>
      <![CDATA[]]>
    </line>
    <line>
      <![CDATA[Method: clickLogin]]>
    </line>
    <line>
      <![CDATA[]]>
    </line>
    <line>
      <![CDATA[Method: readPageTitle]]>
    </line>
    <line>
      <![CDATA[]]>
    </line>
    <line>
      <![CDATA[Method: readPageTitle]]>
    </line>
    <line>
      <![CDATA[]]>
    </line>
    <line>
      <![CDATA[Writing value '2019/11/07 08.08.48' to worksheet 'Name: /xl/worksheets/sheet1.xml - Content Type: application/vnd.openxmlformats-officedocument.spreadsheetml.worksheet+xml' in column index '8'...]]>
    </line>
    <line>
      <![CDATA[Excel file updated]]>
    </line>
    <line>
      <![CDATA[Method: validateMyMenuOptionsSize]]>
    </line>
    <line>
      <![CDATA[]]>
    </line>
    <line>
      <![CDATA[Asserting that the My Menu size is = 4]]>
    </line>
    <line>
      <![CDATA[My Menu - Sub Menu Size: 4]]>
    </line>
    <line>
      <![CDATA[My Menu URL # 1:https://nat-p12.tatrc.org/JMedSim_Test/Simulations/Index]]>
    </line>
    <line>
      <![CDATA[My Menu URL # 2:https://nat-p12.tatrc.org/JMedSim_Test/UserContent/Index]]>
    </line>
    <line>
      <![CDATA[My Menu URL # 3:https://nat-p12.tatrc.org/JMedSim_Test/MetadataDetails/Index]]>
    </line>
    <line>
      <![CDATA[My Menu URL # 4:https://nat-p12.tatrc.org/JMedSim_Test/Feedback/Index]]>
    </line>
    <line>
      <![CDATA[Waiting for page to load completely...]]>
    </line>
    <line>
      <![CDATA[The page 'JMedSIM - JMedSim' is fully loaded now.]]>
    </line>
    <line>
      <![CDATA[]]>
    </line>
    <line>
      <![CDATA[Method: readPageHeader]]>
    </line>
    <line>
      <![CDATA[]]>
    </line>
    <line>
      <![CDATA[<b style='color:green;'>Validation:</b> Unknown]]>
    </line>
    <line>
      <![CDATA[<br>]]>
    </line>
    <line>
      <![CDATA[<b style='color:green;'>Matches:</b> JMedSIM]]>
    </line>
    <line>
      <![CDATA[<br>]]>
    </line>
    <line>
      <![CDATA[Method: clickSimulationInMyMenu]]>
    </line>
    <line>
      <![CDATA[]]>
    </line>
    <line>
      <![CDATA[<br>]]>
    </line>
    <line>
      <![CDATA[<b>Class: <u>utilities.AutomationHelper</u></b>]]>
    </line>
    <line>
      <![CDATA[<br>]]>
    </line>
    <line>
      <![CDATA[Method: finishTest]]>
    </line>
    <line>
      <![CDATA[]]>
    </line>
    <line>
      <![CDATA[<br>]]>
    </line>
    <line>
      <![CDATA[<b>Class: <u>modularScripts.LoginMod</u></b>]]>
    </line>
    <line>
      <![CDATA[<br>]]>
    </line>
    <line>
      <![CDATA[Method: execute]]>
    </line>
    <line>
      <![CDATA[]]>
    </line>
    <line>
      <![CDATA[Method: readPageTitle]]>
    </line>
    <line>
      <![CDATA[]]>
    </line>
    <line>
      <![CDATA[<b style='color:green;'>Validation:</b> Validating Login Page Title]]>
    </line>
    <line>
      <![CDATA[<br>]]>
    </line>
    <line>
      <![CDATA[<b style='color:green;'>Matches:</b> Log in]]>
    </line>
    <line>
      <![CDATA[<br>]]>
    </line>
    <line>
      <![CDATA[Method: clickOkInDODBanner]]>
    </line>
    <line>
      <![CDATA[]]>
    </line>
    <line>
      <![CDATA[Method: setEmail]]>
    </line>
    <line>
      <![CDATA[]]>
    </line>
    <line>
      <![CDATA[Method: setPassword]]>
    </line>
    <line>
      <![CDATA[]]>
    </line>
    <line>
      <![CDATA[Method: clickLogin]]>
    </line>
    <line>
      <![CDATA[]]>
    </line>
    <line>
      <![CDATA[Method: readPageTitle]]>
    </line>
    <line>
      <![CDATA[]]>
    </line>
    <line>
      <![CDATA[Method: readPageTitle]]>
    </line>
    <line>
      <![CDATA[]]>
    </line>
    <line>
      <![CDATA[Writing value '2019/11/07 08.09.24' to worksheet 'Name: /xl/worksheets/sheet1.xml - Content Type: application/vnd.openxmlformats-officedocument.spreadsheetml.worksheet+xml' in column index '8'...]]>
    </line>
    <line>
      <![CDATA[Excel file updated]]>
    </line>
    <line>
      <![CDATA[<br>]]>
    </line>
    <line>
      <![CDATA[<b>Class: <u>modularScripts.MyMenuSimulation.NavigateToMyMenuSimulationMod</u></b>]]>
    </line>
    <line>
      <![CDATA[<br>]]>
    </line>
    <line>
      <![CDATA[Method: execute]]>
    </line>
    <line>
      <![CDATA[]]>
    </line>
    <line>
      <![CDATA[Waiting for page to load completely...]]>
    </line>
    <line>
      <![CDATA[The page 'JMedSIM - JMedSim' is fully loaded now.]]>
    </line>
    <line>
      <![CDATA[]]>
    </line>
    <line>
      <![CDATA[Method: clickSimulationInMyMenu]]>
    </line>
    <line>
      <![CDATA[]]>
    </line>
    <line>
      <![CDATA[<br>]]>
    </line>
    <line>
      <![CDATA[<b>Class: <u>utilities.AutomationHelper</u></b>]]>
    </line>
    <line>
      <![CDATA[<br>]]>
    </line>
    <line>
      <![CDATA[Method: finishTest]]>
    </line>
    <line>
      <![CDATA[]]>
    </line>
    <line>
      <![CDATA[<br>]]>
    </line>
    <line>
      <![CDATA[<b>Class: <u>modularScripts.LoginMod</u></b>]]>
    </line>
    <line>
      <![CDATA[<br>]]>
    </line>
    <line>
      <![CDATA[Method: execute]]>
    </line>
    <line>
      <![CDATA[]]>
    </line>
    <line>
      <![CDATA[Method: readPageTitle]]>
    </line>
    <line>
      <![CDATA[]]>
    </line>
    <line>
      <![CDATA[<b style='color:green;'>Validation:</b> Validating Login Page Title]]>
    </line>
    <line>
      <![CDATA[<br>]]>
    </line>
    <line>
      <![CDATA[<b style='color:green;'>Matches:</b> Log in]]>
    </line>
    <line>
      <![CDATA[<br>]]>
    </line>
    <line>
      <![CDATA[Method: clickOkInDODBanner]]>
    </line>
    <line>
      <![CDATA[]]>
    </line>
    <line>
      <![CDATA[Method: setEmail]]>
    </line>
    <line>
      <![CDATA[]]>
    </line>
    <line>
      <![CDATA[Method: setPassword]]>
    </line>
    <line>
      <![CDATA[]]>
    </line>
    <line>
      <![CDATA[Method: clickLogin]]>
    </line>
    <line>
      <![CDATA[]]>
    </line>
    <line>
      <![CDATA[Method: readPageTitle]]>
    </line>
    <line>
      <![CDATA[]]>
    </line>
    <line>
      <![CDATA[Method: readPageTitle]]>
    </line>
    <line>
      <![CDATA[]]>
    </line>
    <line>
      <![CDATA[Writing value '2019/11/07 08.09.58' to worksheet 'Name: /xl/worksheets/sheet1.xml - Content Type: application/vnd.openxmlformats-officedocument.spreadsheetml.worksheet+xml' in column index '8'...]]>
    </line>
    <line>
      <![CDATA[Excel file updated]]>
    </line>
    <line>
      <![CDATA[Current Username: jesse_site_TATRC_readonly_user1@mail.mil]]>
    </line>
    <line>
      <![CDATA[Current Password: O5m2;"a{(pDH;}%]]>
    </line>
    <line>
      <![CDATA[New Proposed Password: B3;};:pY]uHnmN0]]>
    </line>
    <line>
      <![CDATA[Waiting for page to load completely...]]>
    </line>
    <line>
      <![CDATA[The page 'JMedSIM - JMedSim' is fully loaded now.]]>
    </line>
    <line>
      <![CDATA[]]>
    </line>
    <line>
      <![CDATA[Method: clickManageAccountInHelloUser]]>
    </line>
    <line>
      <![CDATA[]]>
    </line>
    <line>
      <![CDATA[Waiting for page to load completely...]]>
    </line>
    <line>
      <![CDATA[The page 'Manage Account - JMedSim' is fully loaded now.]]>
    </line>
    <line>
      <![CDATA[]]>
    </line>
    <line>
      <![CDATA[Waiting for page to load completely...]]>
    </line>
    <line>
      <![CDATA[The page 'Change Password - JMedSim' is fully loaded now.]]>
    </line>
    <line>
      <![CDATA[]]>
    </line>
    <line>
      <![CDATA[Method: clickChangePassword]]>
    </line>
    <line>
      <![CDATA[]]>
    </line>
    <line>
      <![CDATA[Checking dual messages:]]>
    </line>
    <line>
      <![CDATA[The current password field is required.]]>
    </line>
    <line>
      <![CDATA[The New password field is required.]]>
    </line>
    <line>
      <![CDATA[Method: readSummaryErrors]]>
    </line>
    <line>
      <![CDATA[]]>
    </line>
    <line>
      <![CDATA[Method: setNewPassword]]>
    </line>
    <line>
      <![CDATA[]]>
    </line>
    <line>
      <![CDATA[Method: setConfirmNewPassword]]>
    </line>
    <line>
      <![CDATA[]]>
    </line>
    <line>
      <![CDATA[Method: clickChangePassword]]>
    </line>
    <line>
      <![CDATA[]]>
    </line>
    <line>
      <![CDATA[Checking Current password field is required.]]>
    </line>
    <line>
      <![CDATA[Method: readSummaryErrors]]>
    </line>
    <line>
      <![CDATA[]]>
    </line>
    <line>
      <![CDATA[Method: clearNewPassword]]>
    </line>
    <line>
      <![CDATA[]]>
    </line>
    <line>
      <![CDATA[Method: clearConfirmNewPassword]]>
    </line>
    <line>
      <![CDATA[]]>
    </line>
    <line>
      <![CDATA[Method: setCurrentPassword]]>
    </line>
    <line>
      <![CDATA[]]>
    </line>
    <line>
      <![CDATA[Method: clickChangePassword]]>
    </line>
    <line>
      <![CDATA[]]>
    </line>
    <line>
      <![CDATA[Checking New password field is required.]]>
    </line>
    <line>
      <![CDATA[Method: readSummaryErrors]]>
    </line>
    <line>
      <![CDATA[]]>
    </line>
    <line>
      <![CDATA[Method: clearCurrentPassword]]>
    </line>
    <line>
      <![CDATA[]]>
    </line>
    <line>
      <![CDATA[Method: setConfirmNewPassword]]>
    </line>
    <line>
      <![CDATA[]]>
    </line>
    <line>
      <![CDATA[Method: clickChangePassword]]>
    </line>
    <line>
      <![CDATA[]]>
    </line>
    <line>
      <![CDATA[Checking both no new and no current password.]]>
    </line>
    <line>
      <![CDATA[Method: readSummaryErrors]]>
    </line>
    <line>
      <![CDATA[]]>
    </line>
    <line>
      <![CDATA[Method: clearConfirmNewPassword]]>
    </line>
    <line>
      <![CDATA[]]>
    </line>
    <line>
      <![CDATA[Method: setCurrentPassword]]>
    </line>
    <line>
      <![CDATA[]]>
    </line>
    <line>
      <![CDATA[Method: setNewPassword]]>
    </line>
    <line>
      <![CDATA[]]>
    </line>
    <line>
      <![CDATA[Method: setConfirmNewPassword]]>
    </line>
    <line>
      <![CDATA[]]>
    </line>
    <line>
      <![CDATA[Method: clickChangePassword]]>
    </line>
    <line>
      <![CDATA[]]>
    </line>
    <line>
      <![CDATA[Checking incorrect password confirmation]]>
    </line>
    <line>
      <![CDATA[Method: readSummaryErrors]]>
    </line>
    <line>
      <![CDATA[]]>
    </line>
    <line>
      <![CDATA[Method: clearCurrentPassword]]>
    </line>
    <line>
      <![CDATA[]]>
    </line>
    <line>
      <![CDATA[Method: clearNewPassword]]>
    </line>
    <line>
      <![CDATA[]]>
    </line>
    <line>
      <![CDATA[Method: setCurrentPassword]]>
    </line>
    <line>
      <![CDATA[]]>
    </line>
    <line>
      <![CDATA[Method: setNewPassword]]>
    </line>
    <line>
      <![CDATA[]]>
    </line>
    <line>
      <![CDATA[Method: setConfirmNewPassword]]>
    </line>
    <line>
      <![CDATA[]]>
    </line>
    <line>
      <![CDATA[Method: clickChangePassword]]>
    </line>
    <line>
      <![CDATA[]]>
    </line>
    <line>
      <![CDATA[Checking password length too short]]>
    </line>
    <line>
      <![CDATA[Method: readSummaryErrors]]>
    </line>
    <line>
      <![CDATA[]]>
    </line>
    <line>
      <![CDATA[Waiting for page to load completely...]]>
    </line>
    <line>
      <![CDATA[The page 'Change Password - JMedSim' is fully loaded now.]]>
    </line>
    <line>
      <![CDATA[]]>
    </line>
    <line>
      <![CDATA[Method: clickLogOffInHelloUser]]>
    </line>
    <line>
      <![CDATA[]]>
    </line>
    <line>
      <![CDATA[<br>]]>
    </line>
    <line>
      <![CDATA[<b>Class: <u>utilities.AutomationHelper</u></b>]]>
    </line>
    <line>
      <![CDATA[<br>]]>
    </line>
    <line>
      <![CDATA[Method: finishTest]]>
    </line>
    <line>
      <![CDATA[]]>
    </line>
    <line>
      <![CDATA[Method: getAccount]]>
    </line>
    <line>
      <![CDATA[]]>
    </line>
    <line>
      <![CDATA[Method: clickOkInDODBanner]]>
    </line>
    <line>
      <![CDATA[]]>
    </line>
    <line>
      <![CDATA[Method: clickForgotYourPassword]]>
    </line>
    <line>
      <![CDATA[]]>
    </line>
    <line>
      <![CDATA[Waiting for page to load completely...]]>
    </line>
    <line>
      <![CDATA[The page 'Reset Password - JMedSim' is fully loaded now.]]>
    </line>
    <line>
      <![CDATA[]]>
    </line>
    <line>
      <![CDATA[Method: clickSubmit]]>
    </line>
    <line>
      <![CDATA[]]>
    </line>
    <line>
      <![CDATA[Method: readEmailError]]>
    </line>
    <line>
      <![CDATA[]]>
    </line>
    <line>
      <![CDATA[Method: setEmail]]>
    </line>
    <line>
      <![CDATA[]]>
    </line>
    <line>
      <![CDATA[Method: clickSubmit]]>
    </line>
    <line>
      <![CDATA[]]>
    </line>
    <line>
      <![CDATA[Method: clickSubmit]]>
    </line>
    <line>
      <![CDATA[]]>
    </line>
    <line>
      <![CDATA[Method: readSecurityAnswer1Error]]>
    </line>
    <line>
      <![CDATA[]]>
    </line>
    <line>
      <![CDATA[Method: readSecurityAnswer2Error]]>
    </line>
    <line>
      <![CDATA[]]>
    </line>
    <line>
      <![CDATA[Method: readSecurityAnswer3Error]]>
    </line>
    <line>
      <![CDATA[]]>
    </line>
    <line>
      <![CDATA[Method: setSecurityAnswer1]]>
    </line>
    <line>
      <![CDATA[]]>
    </line>
    <line>
      <![CDATA[Method: setSecurityAnswer2]]>
    </line>
    <line>
      <![CDATA[]]>
    </line>
    <line>
      <![CDATA[Method: setSecurityAnswer3]]>
    </line>
    <line>
      <![CDATA[]]>
    </line>
    <line>
      <![CDATA[Method: clickSubmit]]>
    </line>
    <line>
      <![CDATA[]]>
    </line>
    <line>
      <![CDATA[Method: readSecurityAnswersDontMatchError]]>
    </line>
    <line>
      <![CDATA[]]>
    </line>
    <line>
      <![CDATA[Method: setSecurityAnswer1]]>
    </line>
    <line>
      <![CDATA[]]>
    </line>
    <line>
      <![CDATA[Method: setSecurityAnswer2]]>
    </line>
    <line>
      <![CDATA[]]>
    </line>
    <line>
      <![CDATA[Method: setSecurityAnswer3]]>
    </line>
    <line>
      <![CDATA[]]>
    </line>
    <line>
      <![CDATA[Method: clickSubmit]]>
    </line>
    <line>
      <![CDATA[]]>
    </line>
    <line>
      <![CDATA[Method: clickResetPassword]]>
    </line>
    <line>
      <![CDATA[]]>
    </line>
    <line>
      <![CDATA[Method: readNewPasswordError]]>
    </line>
    <line>
      <![CDATA[]]>
    </line>
    <line>
      <![CDATA[Method: readConfirmPasswordError]]>
    </line>
    <line>
      <![CDATA[]]>
    </line>
    <line>
      <![CDATA[Method: setNewPassword]]>
    </line>
    <line>
      <![CDATA[]]>
    </line>
    <line>
      <![CDATA[Method: setConfirmPassword]]>
    </line>
    <line>
      <![CDATA[]]>
    </line>
    <line>
      <![CDATA[Method: clickResetPassword]]>
    </line>
    <line>
      <![CDATA[]]>
    </line>
    <line>
      <![CDATA[Method: readPasswordsDontMatchError]]>
    </line>
    <line>
      <![CDATA[]]>
    </line>
    <line>
      <![CDATA[Method: setNewPassword]]>
    </line>
    <line>
      <![CDATA[]]>
    </line>
    <line>
      <![CDATA[Method: setConfirmPassword]]>
    </line>
    <line>
      <![CDATA[]]>
    </line>
    <line>
      <![CDATA[Method: clickResetPassword]]>
    </line>
    <line>
      <![CDATA[]]>
    </line>
    <line>
      <![CDATA[Method: readPasswordConfirmation]]>
    </line>
    <line>
      <![CDATA[]]>
    </line>
    <line>
      <![CDATA[<br>]]>
    </line>
    <line>
      <![CDATA[<b>Class: <u>utilities.AutomationHelper</u></b>]]>
    </line>
    <line>
      <![CDATA[<br>]]>
    </line>
    <line>
      <![CDATA[Method: finishTest]]>
    </line>
    <line>
      <![CDATA[]]>
    </line>
    <line>
      <![CDATA[<br>]]>
    </line>
    <line>
      <![CDATA[<b>Class: <u>modularScripts.LoginMod</u></b>]]>
    </line>
    <line>
      <![CDATA[<br>]]>
    </line>
    <line>
      <![CDATA[Method: execute]]>
    </line>
    <line>
      <![CDATA[]]>
    </line>
    <line>
      <![CDATA[Method: readPageTitle]]>
    </line>
    <line>
      <![CDATA[]]>
    </line>
    <line>
      <![CDATA[<b style='color:green;'>Validation:</b> Validating Login Page Title]]>
    </line>
    <line>
      <![CDATA[<br>]]>
    </line>
    <line>
      <![CDATA[<b style='color:green;'>Matches:</b> Log in]]>
    </line>
    <line>
      <![CDATA[<br>]]>
    </line>
    <line>
      <![CDATA[Method: clickOkInDODBanner]]>
    </line>
    <line>
      <![CDATA[]]>
    </line>
    <line>
      <![CDATA[Method: setEmail]]>
    </line>
    <line>
      <![CDATA[]]>
    </line>
    <line>
      <![CDATA[Method: setPassword]]>
    </line>
    <line>
      <![CDATA[]]>
    </line>
    <line>
      <![CDATA[Method: clickLogin]]>
    </line>
    <line>
      <![CDATA[]]>
    </line>
    <line>
      <![CDATA[Method: readPageTitle]]>
    </line>
    <line>
      <![CDATA[]]>
    </line>
    <line>
      <![CDATA[Method: readPageTitle]]>
    </line>
    <line>
      <![CDATA[]]>
    </line>
    <line>
      <![CDATA[Writing value '2019/11/07 08.10.44' to worksheet 'Name: /xl/worksheets/sheet1.xml - Content Type: application/vnd.openxmlformats-officedocument.spreadsheetml.worksheet+xml' in column index '8'...]]>
    </line>
    <line>
      <![CDATA[Excel file updated]]>
    </line>
    <line>
      <![CDATA[Logged in with user: jesse_site_TGoldenState_super_user@mail.mil]]>
    </line>
    <line>
      <![CDATA[Waiting for page to load completely...]]>
    </line>
    <line>
      <![CDATA[The page 'JMedSIM - JMedSim' is fully loaded now.]]>
    </line>
    <line>
      <![CDATA[]]>
    </line>
    <line>
      <![CDATA[Method: clickProfileInHelloUser]]>
    </line>
    <line>
      <![CDATA[]]>
    </line>
    <line>
      <![CDATA[Waiting for page to load completely...]]>
    </line>
    <line>
      <![CDATA[The page 'Edit Your User Profile - JMedSim' is fully loaded now.]]>
    </line>
    <line>
      <![CDATA[]]>
    </line>
    <line>
      <![CDATA[Waiting for page to load completely...]]>
    </line>
    <line>
      <![CDATA[The page 'Edit Your User Profile - JMedSim' is fully loaded now.]]>
    </line>
    <line>
      <![CDATA[]]>
    </line>
    <line>
      <![CDATA[Method: readUserID]]>
    </line>
    <line>
      <![CDATA[]]>
    </line>
    <line>
      <![CDATA[Method: readSelectedSubItem]]>
    </line>
    <line>
      <![CDATA[]]>
    </line>
    <line>
      <![CDATA[Method: readSelectedSubItems]]>
    </line>
    <line>
      <![CDATA[]]>
    </line>
    <line>
      <![CDATA[Method: readDisplayName]]>
    </line>
    <line>
      <![CDATA[]]>
    </line>
    <line>
      <![CDATA[Method: readSite]]>
    </line>
    <line>
      <![CDATA[]]>
    </line>
    <line>
      <![CDATA[Method: readSelectedSubItem]]>
    </line>
    <line>
      <![CDATA[]]>
    </line>
    <line>
      <![CDATA[Method: readSelectedSubItems]]>
    </line>
    <line>
      <![CDATA[]]>
    </line>
    <line>
      <![CDATA[Method: readSecurityQuestion1]]>
    </line>
    <line>
      <![CDATA[]]>
    </line>
    <line>
      <![CDATA[Method: readSelectedSubItem]]>
    </line>
    <line>
      <![CDATA[]]>
    </line>
    <line>
      <![CDATA[Method: readSelectedSubItems]]>
    </line>
    <line>
      <![CDATA[]]>
    </line>
    <line>
      <![CDATA[Method: readSecurityAnswer1]]>
    </line>
    <line>
      <![CDATA[]]>
    </line>
    <line>
      <![CDATA[Method: readSecurityQuestion2]]>
    </line>
    <line>
      <![CDATA[]]>
    </line>
    <line>
      <![CDATA[Method: readSelectedSubItem]]>
    </line>
    <line>
      <![CDATA[]]>
    </line>
    <line>
      <![CDATA[Method: readSelectedSubItems]]>
    </line>
    <line>
      <![CDATA[]]>
    </line>
    <line>
      <![CDATA[Method: readSecurityAnswer2]]>
    </line>
    <line>
      <![CDATA[]]>
    </line>
    <line>
      <![CDATA[Method: readSecurityQuestion3]]>
    </line>
    <line>
      <![CDATA[]]>
    </line>
    <line>
      <![CDATA[Method: readSelectedSubItem]]>
    </line>
    <line>
      <![CDATA[]]>
    </line>
    <line>
      <![CDATA[Method: readSelectedSubItems]]>
    </line>
    <line>
      <![CDATA[]]>
    </line>
    <line>
      <![CDATA[Method: readSecurityAnswer3]]>
    </line>
    <line>
      <![CDATA[]]>
    </line>
    <line>
      <![CDATA[Method: readTermsAndConditions]]>
    </line>
    <line>
      <![CDATA[]]>
    </line>
    <line>
      <![CDATA[Waiting for page to load completely...]]>
    </line>
    <line>
      <![CDATA[The page 'Edit Your User Profile - JMedSim' is fully loaded now.]]>
    </line>
    <line>
      <![CDATA[]]>
    </line>
    <line>
      <![CDATA[Method: readUserID]]>
    </line>
    <line>
      <![CDATA[]]>
    </line>
    <line>
      <![CDATA[Method: readSelectedSubItem]]>
    </line>
    <line>
      <![CDATA[]]>
    </line>
    <line>
      <![CDATA[Method: readSelectedSubItems]]>
    </line>
    <line>
      <![CDATA[]]>
    </line>
    <line>
      <![CDATA[<b style='color:green;'>Validation:</b> User Id Validation:]]>
    </line>
    <line>
      <![CDATA[<br>]]>
    </line>
    <line>
      <![CDATA[<b style='color:green;'>Matches:</b> jesse_site_TGoldenState_super_user@mail.mil]]>
    </line>
    <line>
      <![CDATA[<br>]]>
    </line>
    <line>
      <![CDATA[Method: readDisplayName]]>
    </line>
    <line>
      <![CDATA[]]>
    </line>
    <line>
      <![CDATA[<b style='color:green;'>Validation:</b> Display Name Validation:]]>
    </line>
    <line>
      <![CDATA[<br>]]>
    </line>
    <line>
      <![CDATA[<b style='color:green;'>Matches:</b> Jesse Super User - TGoldenState]]>
    </line>
    <line>
      <![CDATA[<br>]]>
    </line>
    <line>
      <![CDATA[Method: readSite]]>
    </line>
    <line>
      <![CDATA[]]>
    </line>
    <line>
      <![CDATA[Method: readSelectedSubItem]]>
    </line>
    <line>
      <![CDATA[]]>
    </line>
    <line>
      <![CDATA[Method: readSelectedSubItems]]>
    </line>
    <line>
      <![CDATA[]]>
    </line>
    <line>
      <![CDATA[<b style='color:green;'>Validation:</b> Original Site Validation:]]>
    </line>
    <line>
      <![CDATA[<br>]]>
    </line>
    <line>
      <![CDATA[<b style='color:green;'>Matches:</b> TATRC Golden State]]>
    </line>
    <line>
      <![CDATA[<br>]]>
    </line>
    <line>
      <![CDATA[Method: readSecurityQuestion1]]>
    </line>
    <line>
      <![CDATA[]]>
    </line>
    <line>
      <![CDATA[Method: readSelectedSubItem]]>
    </line>
    <line>
      <![CDATA[]]>
    </line>
    <line>
      <![CDATA[Method: readSelectedSubItems]]>
    </line>
    <line>
      <![CDATA[]]>
    </line>
    <line>
      <![CDATA[<b style='color:green;'>Validation:</b> Security Question 1 Validation:]]>
    </line>
    <line>
      <![CDATA[<br>]]>
    </line>
    <line>
      <![CDATA[<b style='color:green;'>Matches:</b> What was the make of your first car?]]>
    </line>
    <line>
      <![CDATA[<br>]]>
    </line>
    <line>
      <![CDATA[Method: readSecurityAnswer1]]>
    </line>
    <line>
      <![CDATA[]]>
    </line>
    <line>
      <![CDATA[<b style='color:green;'>Validation:</b> Security Answer 1 Validation:]]>
    </line>
    <line>
      <![CDATA[<br>]]>
    </line>
    <line>
      <![CDATA[<b style='color:green;'>Matches:</b> Geo]]>
    </line>
    <line>
      <![CDATA[<br>]]>
    </line>
    <line>
      <![CDATA[Method: readSecurityQuestion2]]>
    </line>
    <line>
      <![CDATA[]]>
    </line>
    <line>
      <![CDATA[Method: readSelectedSubItem]]>
    </line>
    <line>
      <![CDATA[]]>
    </line>
    <line>
      <![CDATA[Method: readSelectedSubItems]]>
    </line>
    <line>
      <![CDATA[]]>
    </line>
    <line>
      <![CDATA[<b style='color:green;'>Validation:</b> Security Question 2 Validation:]]>
    </line>
    <line>
      <![CDATA[<br>]]>
    </line>
    <line>
      <![CDATA[<b style='color:green;'>Matches:</b> What high school did you attend?]]>
    </line>
    <line>
      <![CDATA[<br>]]>
    </line>
    <line>
      <![CDATA[Method: readSecurityAnswer2]]>
    </line>
    <line>
      <![CDATA[]]>
    </line>
    <line>
      <![CDATA[<b style='color:green;'>Validation:</b> Security Answer 2 Validation:]]>
    </line>
    <line>
      <![CDATA[<br>]]>
    </line>
    <line>
      <![CDATA[<b style='color:green;'>Matches:</b> Haysi]]>
    </line>
    <line>
      <![CDATA[<br>]]>
    </line>
    <line>
      <![CDATA[Method: readSecurityQuestion3]]>
    </line>
    <line>
      <![CDATA[]]>
    </line>
    <line>
      <![CDATA[Method: readSelectedSubItem]]>
    </line>
    <line>
      <![CDATA[]]>
    </line>
    <line>
      <![CDATA[Method: readSelectedSubItems]]>
    </line>
    <line>
      <![CDATA[]]>
    </line>
    <line>
      <![CDATA[<b style='color:green;'>Validation:</b> Security Question 3 Validation:]]>
    </line>
    <line>
      <![CDATA[<br>]]>
    </line>
    <line>
      <![CDATA[<b style='color:green;'>Matches:</b> What is your mother's maiden name?]]>
    </line>
    <line>
      <![CDATA[<br>]]>
    </line>
    <line>
      <![CDATA[Method: readSecurityAnswer3]]>
    </line>
    <line>
      <![CDATA[]]>
    </line>
    <line>
      <![CDATA[<b style='color:green;'>Validation:</b> Security Answer 3 Validation:]]>
    </line>
    <line>
      <![CDATA[<br>]]>
    </line>
    <line>
      <![CDATA[<b style='color:green;'>Matches:</b> Fuller]]>
    </line>
    <line>
      <![CDATA[<br>]]>
    </line>
    <line>
      <![CDATA[Method: readTermsAndConditions]]>
    </line>
    <line>
      <![CDATA[]]>
    </line>
    <line>
      <![CDATA[<b style='color:green;'>Validation:</b> Terms And Conditions Validation:]]>
    </line>
    <line>
      <![CDATA[<br>]]>
    </line>
    <line>
      <![CDATA[<b style='color:green;'>Matches:</b> true]]>
    </line>
    <line>
      <![CDATA[<br>]]>
    </line>
    <line>
      <![CDATA[Waiting for page to load completely...]]>
    </line>
    <line>
      <![CDATA[The page 'Edit Your User Profile - JMedSim' is fully loaded now.]]>
    </line>
    <line>
      <![CDATA[]]>
    </line>
    <line>
      <![CDATA[Method: setDisplayName]]>
    </line>
    <line>
      <![CDATA[]]>
    </line>
    <line>
      <![CDATA[Method: selectSite]]>
    </line>
    <line>
      <![CDATA[]]>
    </line>
    <line>
      <![CDATA[Method: selectSecurityQuestion1]]>
    </line>
    <line>
      <![CDATA[]]>
    </line>
    <line>
      <![CDATA[Method: setSecurityAnswer1]]>
    </line>
    <line>
      <![CDATA[]]>
    </line>
    <line>
      <![CDATA[Method: selectSecurityQuestion2]]>
    </line>
    <line>
      <![CDATA[]]>
    </line>
    <line>
      <![CDATA[Method: setSecurityAnswer2]]>
    </line>
    <line>
      <![CDATA[]]>
    </line>
    <line>
      <![CDATA[Method: selectSecurityQuestion3]]>
    </line>
    <line>
      <![CDATA[]]>
    </line>
    <line>
      <![CDATA[Method: setSecurityAnswer3]]>
    </line>
    <line>
      <![CDATA[]]>
    </line>
    <line>
      <![CDATA[Waiting for page to load completely...]]>
    </line>
    <line>
      <![CDATA[The page 'Edit Your User Profile - JMedSim' is fully loaded now.]]>
    </line>
    <line>
      <![CDATA[]]>
    </line>
    <line>
      <![CDATA[Waiting for page to load completely...]]>
    </line>
    <line>
      <![CDATA[The page 'JMedSIM - JMedSim' is fully loaded now.]]>
    </line>
    <line>
      <![CDATA[]]>
    </line>
    <line>
      <![CDATA[Method: clickProfileInHelloUser]]>
    </line>
    <line>
      <![CDATA[]]>
    </line>
    <line>
      <![CDATA[Waiting for page to load completely...]]>
    </line>
    <line>
      <![CDATA[The page 'Edit Your User Profile - JMedSim' is fully loaded now.]]>
    </line>
    <line>
      <![CDATA[]]>
    </line>
    <line>
      <![CDATA[Method: readUserID]]>
    </line>
    <line>
      <![CDATA[]]>
    </line>
    <line>
      <![CDATA[Method: readSelectedSubItem]]>
    </line>
    <line>
      <![CDATA[]]>
    </line>
    <line>
      <![CDATA[Method: readSelectedSubItems]]>
    </line>
    <line>
      <![CDATA[]]>
    </line>
    <line>
      <![CDATA[Writing value 'jesse_site_TGoldenState_super_user@mail.mil' to worksheet 'Name: /xl/worksheets/sheet2.xml - Content Type: application/vnd.openxmlformats-officedocument.spreadsheetml.worksheet+xml' in column index '1'...]]>
    </line>
    <line>
      <![CDATA[Excel file updated]]>
    </line>
    <line>
      <![CDATA[Method: readDisplayName]]>
    </line>
    <line>
      <![CDATA[]]>
    </line>
    <line>
      <![CDATA[Writing value 'TEMP Display Name' to worksheet 'Name: /xl/worksheets/sheet2.xml - Content Type: application/vnd.openxmlformats-officedocument.spreadsheetml.worksheet+xml' in column index '2'...]]>
    </line>
    <line>
      <![CDATA[Excel file updated]]>
    </line>
    <line>
      <![CDATA[Method: readSite]]>
    </line>
    <line>
      <![CDATA[]]>
    </line>
    <line>
      <![CDATA[Method: readSelectedSubItem]]>
    </line>
    <line>
      <![CDATA[]]>
    </line>
    <line>
      <![CDATA[Method: readSelectedSubItems]]>
    </line>
    <line>
      <![CDATA[]]>
    </line>
    <line>
      <![CDATA[Writing value 'TATRC' to worksheet 'Name: /xl/worksheets/sheet2.xml - Content Type: application/vnd.openxmlformats-officedocument.spreadsheetml.worksheet+xml' in column index '3'...]]>
    </line>
    <line>
      <![CDATA[Excel file updated]]>
    </line>
    <line>
      <![CDATA[Method: readSecurityQuestion1]]>
    </line>
    <line>
      <![CDATA[]]>
    </line>
    <line>
      <![CDATA[Method: readSelectedSubItem]]>
    </line>
    <line>
      <![CDATA[]]>
    </line>
    <line>
      <![CDATA[Method: readSelectedSubItems]]>
    </line>
    <line>
      <![CDATA[]]>
    </line>
    <line>
      <![CDATA[Writing value 'Where were you when you had your first kiss?' to worksheet 'Name: /xl/worksheets/sheet2.xml - Content Type: application/vnd.openxmlformats-officedocument.spreadsheetml.worksheet+xml' in column index '4'...]]>
    </line>
    <line>
      <![CDATA[Excel file updated]]>
    </line>
    <line>
      <![CDATA[Method: readSecurityAnswer1]]>
    </line>
    <line>
      <![CDATA[]]>
    </line>
    <line>
      <![CDATA[Writing value 'I don't kiss and tell' to worksheet 'Name: /xl/worksheets/sheet2.xml - Content Type: application/vnd.openxmlformats-officedocument.spreadsheetml.worksheet+xml' in column index '5'...]]>
    </line>
    <line>
      <![CDATA[Excel file updated]]>
    </line>
    <line>
      <![CDATA[Method: readSecurityQuestion2]]>
    </line>
    <line>
      <![CDATA[]]>
    </line>
    <line>
      <![CDATA[Method: readSelectedSubItem]]>
    </line>
    <line>
      <![CDATA[]]>
    </line>
    <line>
      <![CDATA[Method: readSelectedSubItems]]>
    </line>
    <line>
      <![CDATA[]]>
    </line>
    <line>
      <![CDATA[Writing value 'Who was your childhood hero?' to worksheet 'Name: /xl/worksheets/sheet2.xml - Content Type: application/vnd.openxmlformats-officedocument.spreadsheetml.worksheet+xml' in column index '6'...]]>
    </line>
    <line>
      <![CDATA[Excel file updated]]>
    </line>
    <line>
      <![CDATA[Method: readSecurityAnswer2]]>
    </line>
    <line>
      <![CDATA[]]>
    </line>
    <line>
      <![CDATA[Writing value 'Frankenstien' to worksheet 'Name: /xl/worksheets/sheet2.xml - Content Type: application/vnd.openxmlformats-officedocument.spreadsheetml.worksheet+xml' in column index '7'...]]>
    </line>
    <line>
      <![CDATA[Excel file updated]]>
    </line>
    <line>
      <![CDATA[Method: readSecurityQuestion3]]>
    </line>
    <line>
      <![CDATA[]]>
    </line>
    <line>
      <![CDATA[Method: readSelectedSubItem]]>
    </line>
    <line>
      <![CDATA[]]>
    </line>
    <line>
      <![CDATA[Method: readSelectedSubItems]]>
    </line>
    <line>
      <![CDATA[]]>
    </line>
    <line>
      <![CDATA[Writing value 'What was the first film you saw in the theater?' to worksheet 'Name: /xl/worksheets/sheet2.xml - Content Type: application/vnd.openxmlformats-officedocument.spreadsheetml.worksheet+xml' in column index '8'...]]>
    </line>
    <line>
      <![CDATA[Excel file updated]]>
    </line>
    <line>
      <![CDATA[Method: readSecurityAnswer3]]>
    </line>
    <line>
      <![CDATA[]]>
    </line>
    <line>
      <![CDATA[Writing value 'Goonies' to worksheet 'Name: /xl/worksheets/sheet2.xml - Content Type: application/vnd.openxmlformats-officedocument.spreadsheetml.worksheet+xml' in column index '9'...]]>
    </line>
    <line>
      <![CDATA[Excel file updated]]>
    </line>
    <line>
      <![CDATA[Method: readTermsAndConditions]]>
    </line>
    <line>
      <![CDATA[]]>
    </line>
    <line>
      <![CDATA[Writing value 'true' to worksheet 'Name: /xl/worksheets/sheet2.xml - Content Type: application/vnd.openxmlformats-officedocument.spreadsheetml.worksheet+xml' in column index '10'...]]>
    </line>
    <line>
      <![CDATA[Excel file updated]]>
    </line>
    <line>
      <![CDATA[Waiting for page to load completely...]]>
    </line>
    <line>
      <![CDATA[The page 'Edit Your User Profile - JMedSim' is fully loaded now.]]>
    </line>
    <line>
      <![CDATA[]]>
    </line>
    <line>
      <![CDATA[Method: readUserID]]>
    </line>
    <line>
      <![CDATA[]]>
    </line>
    <line>
      <![CDATA[Method: readSelectedSubItem]]>
    </line>
    <line>
      <![CDATA[]]>
    </line>
    <line>
      <![CDATA[Method: readSelectedSubItems]]>
    </line>
    <line>
      <![CDATA[]]>
    </line>
    <line>
      <![CDATA[<b style='color:green;'>Validation:</b> User Id Validation:]]>
    </line>
    <line>
      <![CDATA[<br>]]>
    </line>
    <line>
      <![CDATA[<b style='color:green;'>Matches:</b> jesse_site_TGoldenState_super_user@mail.mil]]>
    </line>
    <line>
      <![CDATA[<br>]]>
    </line>
    <line>
      <![CDATA[Method: readDisplayName]]>
    </line>
    <line>
      <![CDATA[]]>
    </line>
    <line>
      <![CDATA[<b style='color:green;'>Validation:</b> Display Name Validation:]]>
    </line>
    <line>
      <![CDATA[<br>]]>
    </line>
    <line>
      <![CDATA[<b style='color:green;'>Matches:</b> TEMP Display Name]]>
    </line>
    <line>
      <![CDATA[<br>]]>
    </line>
    <line>
      <![CDATA[Method: readSite]]>
    </line>
    <line>
      <![CDATA[]]>
    </line>
    <line>
      <![CDATA[Method: readSelectedSubItem]]>
    </line>
    <line>
      <![CDATA[]]>
    </line>
    <line>
      <![CDATA[Method: readSelectedSubItems]]>
    </line>
    <line>
      <![CDATA[]]>
    </line>
    <line>
      <![CDATA[<b style='color:green;'>Validation:</b> Original Site Validation:]]>
    </line>
    <line>
      <![CDATA[<br>]]>
    </line>
    <line>
      <![CDATA[<b style='color:green;'>Matches:</b> TATRC]]>
    </line>
    <line>
      <![CDATA[<br>]]>
    </line>
    <line>
      <![CDATA[Method: readSecurityQuestion1]]>
    </line>
    <line>
      <![CDATA[]]>
    </line>
    <line>
      <![CDATA[Method: readSelectedSubItem]]>
    </line>
    <line>
      <![CDATA[]]>
    </line>
    <line>
      <![CDATA[Method: readSelectedSubItems]]>
    </line>
    <line>
      <![CDATA[]]>
    </line>
    <line>
      <![CDATA[<b style='color:green;'>Validation:</b> Security Question 1 Validation:]]>
    </line>
    <line>
      <![CDATA[<br>]]>
    </line>
    <line>
      <![CDATA[<b style='color:green;'>Matches:</b> Where were you when you had your first kiss?]]>
    </line>
    <line>
      <![CDATA[<br>]]>
    </line>
    <line>
      <![CDATA[Method: readSecurityAnswer1]]>
    </line>
    <line>
      <![CDATA[]]>
    </line>
    <line>
      <![CDATA[<b style='color:green;'>Validation:</b> Security Answer 1 Validation:]]>
    </line>
    <line>
      <![CDATA[<br>]]>
    </line>
    <line>
      <![CDATA[<b style='color:green;'>Matches:</b> I don't kiss and tell]]>
    </line>
    <line>
      <![CDATA[<br>]]>
    </line>
    <line>
      <![CDATA[Method: readSecurityQuestion2]]>
    </line>
    <line>
      <![CDATA[]]>
    </line>
    <line>
      <![CDATA[Method: readSelectedSubItem]]>
    </line>
    <line>
      <![CDATA[]]>
    </line>
    <line>
      <![CDATA[Method: readSelectedSubItems]]>
    </line>
    <line>
      <![CDATA[]]>
    </line>
    <line>
      <![CDATA[<b style='color:green;'>Validation:</b> Security Question 2 Validation:]]>
    </line>
    <line>
      <![CDATA[<br>]]>
    </line>
    <line>
      <![CDATA[<b style='color:green;'>Matches:</b> Who was your childhood hero?]]>
    </line>
    <line>
      <![CDATA[<br>]]>
    </line>
    <line>
      <![CDATA[Method: readSecurityAnswer2]]>
    </line>
    <line>
      <![CDATA[]]>
    </line>
    <line>
      <![CDATA[<b style='color:green;'>Validation:</b> Security Answer 2 Validation:]]>
    </line>
    <line>
      <![CDATA[<br>]]>
    </line>
    <line>
      <![CDATA[<b style='color:green;'>Matches:</b> Frankenstien]]>
    </line>
    <line>
      <![CDATA[<br>]]>
    </line>
    <line>
      <![CDATA[Method: readSecurityQuestion3]]>
    </line>
    <line>
      <![CDATA[]]>
    </line>
    <line>
      <![CDATA[Method: readSelectedSubItem]]>
    </line>
    <line>
      <![CDATA[]]>
    </line>
    <line>
      <![CDATA[Method: readSelectedSubItems]]>
    </line>
    <line>
      <![CDATA[]]>
    </line>
    <line>
      <![CDATA[<b style='color:green;'>Validation:</b> Security Question 3 Validation:]]>
    </line>
    <line>
      <![CDATA[<br>]]>
    </line>
    <line>
      <![CDATA[<b style='color:green;'>Matches:</b> What was the first film you saw in the theater?]]>
    </line>
    <line>
      <![CDATA[<br>]]>
    </line>
    <line>
      <![CDATA[Method: readSecurityAnswer3]]>
    </line>
    <line>
      <![CDATA[]]>
    </line>
    <line>
      <![CDATA[<b style='color:green;'>Validation:</b> Security Answer 3 Validation:]]>
    </line>
    <line>
      <![CDATA[<br>]]>
    </line>
    <line>
      <![CDATA[<b style='color:green;'>Matches:</b> Goonies]]>
    </line>
    <line>
      <![CDATA[<br>]]>
    </line>
    <line>
      <![CDATA[Method: readTermsAndConditions]]>
    </line>
    <line>
      <![CDATA[]]>
    </line>
    <line>
      <![CDATA[<b style='color:green;'>Validation:</b> Terms And Conditions Validation:]]>
    </line>
    <line>
      <![CDATA[<br>]]>
    </line>
    <line>
      <![CDATA[<b style='color:green;'>Matches:</b> true]]>
    </line>
    <line>
      <![CDATA[<br>]]>
    </line>
    <line>
      <![CDATA[Waiting for page to load completely...]]>
    </line>
    <line>
      <![CDATA[The page 'Edit Your User Profile - JMedSim' is fully loaded now.]]>
    </line>
    <line>
      <![CDATA[]]>
    </line>
    <line>
      <![CDATA[Method: setDisplayName]]>
    </line>
    <line>
      <![CDATA[]]>
    </line>
    <line>
      <![CDATA[Method: selectSite]]>
    </line>
    <line>
      <![CDATA[]]>
    </line>
    <line>
      <![CDATA[Method: selectSecurityQuestion1]]>
    </line>
    <line>
      <![CDATA[]]>
    </line>
    <line>
      <![CDATA[Method: setSecurityAnswer1]]>
    </line>
    <line>
      <![CDATA[]]>
    </line>
    <line>
      <![CDATA[Method: selectSecurityQuestion2]]>
    </line>
    <line>
      <![CDATA[]]>
    </line>
    <line>
      <![CDATA[Method: setSecurityAnswer2]]>
    </line>
    <line>
      <![CDATA[]]>
    </line>
    <line>
      <![CDATA[Method: selectSecurityQuestion3]]>
    </line>
    <line>
      <![CDATA[]]>
    </line>
    <line>
      <![CDATA[Method: setSecurityAnswer3]]>
    </line>
    <line>
      <![CDATA[]]>
    </line>
    <line>
      <![CDATA[Method: setAgreeToTermsAndConditionsCheckbox]]>
    </line>
    <line>
      <![CDATA[]]>
    </line>
    <line>
      <![CDATA[Waiting for page to load completely...]]>
    </line>
    <line>
      <![CDATA[The page 'JMedSIM - JMedSim' is fully loaded now.]]>
    </line>
    <line>
      <![CDATA[]]>
    </line>
    <line>
      <![CDATA[Method: clickProfileInHelloUser]]>
    </line>
    <line>
      <![CDATA[]]>
    </line>
    <line>
      <![CDATA[Waiting for page to load completely...]]>
    </line>
    <line>
      <![CDATA[The page 'Edit Your User Profile - JMedSim' is fully loaded now.]]>
    </line>
    <line>
      <![CDATA[]]>
    </line>
    <line>
      <![CDATA[Method: readUserID]]>
    </line>
    <line>
      <![CDATA[]]>
    </line>
    <line>
      <![CDATA[Method: readSelectedSubItem]]>
    </line>
    <line>
      <![CDATA[]]>
    </line>
    <line>
      <![CDATA[Method: readSelectedSubItems]]>
    </line>
    <line>
      <![CDATA[]]>
    </line>
    <line>
      <![CDATA[Writing value 'jesse_site_TGoldenState_super_user@mail.mil' to worksheet 'Name: /xl/worksheets/sheet2.xml - Content Type: application/vnd.openxmlformats-officedocument.spreadsheetml.worksheet+xml' in column index '1'...]]>
    </line>
    <line>
      <![CDATA[Excel file updated]]>
    </line>
    <line>
      <![CDATA[Method: readDisplayName]]>
    </line>
    <line>
      <![CDATA[]]>
    </line>
    <line>
      <![CDATA[Writing value 'Jesse Super User - TGoldenState' to worksheet 'Name: /xl/worksheets/sheet2.xml - Content Type: application/vnd.openxmlformats-officedocument.spreadsheetml.worksheet+xml' in column index '2'...]]>
    </line>
    <line>
      <![CDATA[Excel file updated]]>
    </line>
    <line>
      <![CDATA[Method: readSite]]>
    </line>
    <line>
      <![CDATA[]]>
    </line>
    <line>
      <![CDATA[Method: readSelectedSubItem]]>
    </line>
    <line>
      <![CDATA[]]>
    </line>
    <line>
      <![CDATA[Method: readSelectedSubItems]]>
    </line>
    <line>
      <![CDATA[]]>
    </line>
    <line>
      <![CDATA[Writing value 'TATRC Golden State' to worksheet 'Name: /xl/worksheets/sheet2.xml - Content Type: application/vnd.openxmlformats-officedocument.spreadsheetml.worksheet+xml' in column index '3'...]]>
    </line>
    <line>
      <![CDATA[Excel file updated]]>
    </line>
    <line>
      <![CDATA[Method: readSecurityQuestion1]]>
    </line>
    <line>
      <![CDATA[]]>
    </line>
    <line>
      <![CDATA[Method: readSelectedSubItem]]>
    </line>
    <line>
      <![CDATA[]]>
    </line>
    <line>
      <![CDATA[Method: readSelectedSubItems]]>
    </line>
    <line>
      <![CDATA[]]>
    </line>
    <line>
      <![CDATA[Writing value 'What was the make of your first car?' to worksheet 'Name: /xl/worksheets/sheet2.xml - Content Type: application/vnd.openxmlformats-officedocument.spreadsheetml.worksheet+xml' in column index '4'...]]>
    </line>
    <line>
      <![CDATA[Excel file updated]]>
    </line>
    <line>
      <![CDATA[Method: readSecurityAnswer1]]>
    </line>
    <line>
      <![CDATA[]]>
    </line>
    <line>
      <![CDATA[Writing value 'Geo' to worksheet 'Name: /xl/worksheets/sheet2.xml - Content Type: application/vnd.openxmlformats-officedocument.spreadsheetml.worksheet+xml' in column index '5'...]]>
    </line>
    <line>
      <![CDATA[Excel file updated]]>
    </line>
    <line>
      <![CDATA[Method: readSecurityQuestion2]]>
    </line>
    <line>
      <![CDATA[]]>
    </line>
    <line>
      <![CDATA[Method: readSelectedSubItem]]>
    </line>
    <line>
      <![CDATA[]]>
    </line>
    <line>
      <![CDATA[Method: readSelectedSubItems]]>
    </line>
    <line>
      <![CDATA[]]>
    </line>
    <line>
      <![CDATA[Writing value 'What high school did you attend?' to worksheet 'Name: /xl/worksheets/sheet2.xml - Content Type: application/vnd.openxmlformats-officedocument.spreadsheetml.worksheet+xml' in column index '6'...]]>
    </line>
    <line>
      <![CDATA[Excel file updated]]>
    </line>
    <line>
      <![CDATA[Method: readSecurityAnswer2]]>
    </line>
    <line>
      <![CDATA[]]>
    </line>
    <line>
      <![CDATA[Writing value 'Haysi' to worksheet 'Name: /xl/worksheets/sheet2.xml - Content Type: application/vnd.openxmlformats-officedocument.spreadsheetml.worksheet+xml' in column index '7'...]]>
    </line>
    <line>
      <![CDATA[Excel file updated]]>
    </line>
    <line>
      <![CDATA[Method: readSecurityQuestion3]]>
    </line>
    <line>
      <![CDATA[]]>
    </line>
    <line>
      <![CDATA[Method: readSelectedSubItem]]>
    </line>
    <line>
      <![CDATA[]]>
    </line>
    <line>
      <![CDATA[Method: readSelectedSubItems]]>
    </line>
    <line>
      <![CDATA[]]>
    </line>
    <line>
      <![CDATA[Writing value 'What is your mother's maiden name?' to worksheet 'Name: /xl/worksheets/sheet2.xml - Content Type: application/vnd.openxmlformats-officedocument.spreadsheetml.worksheet+xml' in column index '8'...]]>
    </line>
    <line>
      <![CDATA[Excel file updated]]>
    </line>
    <line>
      <![CDATA[Method: readSecurityAnswer3]]>
    </line>
    <line>
      <![CDATA[]]>
    </line>
    <line>
      <![CDATA[Writing value 'Fuller' to worksheet 'Name: /xl/worksheets/sheet2.xml - Content Type: application/vnd.openxmlformats-officedocument.spreadsheetml.worksheet+xml' in column index '9'...]]>
    </line>
    <line>
      <![CDATA[Excel file updated]]>
    </line>
    <line>
      <![CDATA[Method: readTermsAndConditions]]>
    </line>
    <line>
      <![CDATA[]]>
    </line>
    <line>
      <![CDATA[Writing value 'true' to worksheet 'Name: /xl/worksheets/sheet2.xml - Content Type: application/vnd.openxmlformats-officedocument.spreadsheetml.worksheet+xml' in column index '10'...]]>
    </line>
    <line>
      <![CDATA[Excel file updated]]>
    </line>
    <line>
      <![CDATA[Waiting for page to load completely...]]>
    </line>
    <line>
      <![CDATA[The page 'Edit Your User Profile - JMedSim' is fully loaded now.]]>
    </line>
    <line>
      <![CDATA[]]>
    </line>
    <line>
      <![CDATA[Method: readUserID]]>
    </line>
    <line>
      <![CDATA[]]>
    </line>
    <line>
      <![CDATA[Method: readSelectedSubItem]]>
    </line>
    <line>
      <![CDATA[]]>
    </line>
    <line>
      <![CDATA[Method: readSelectedSubItems]]>
    </line>
    <line>
      <![CDATA[]]>
    </line>
    <line>
      <![CDATA[<b style='color:green;'>Validation:</b> User Id Validation:]]>
    </line>
    <line>
      <![CDATA[<br>]]>
    </line>
    <line>
      <![CDATA[<b style='color:green;'>Matches:</b> jesse_site_TGoldenState_super_user@mail.mil]]>
    </line>
    <line>
      <![CDATA[<br>]]>
    </line>
    <line>
      <![CDATA[Method: readDisplayName]]>
    </line>
    <line>
      <![CDATA[]]>
    </line>
    <line>
      <![CDATA[<b style='color:green;'>Validation:</b> Display Name Validation:]]>
    </line>
    <line>
      <![CDATA[<br>]]>
    </line>
    <line>
      <![CDATA[<b style='color:green;'>Matches:</b> Jesse Super User - TGoldenState]]>
    </line>
    <line>
      <![CDATA[<br>]]>
    </line>
    <line>
      <![CDATA[Method: readSite]]>
    </line>
    <line>
      <![CDATA[]]>
    </line>
    <line>
      <![CDATA[Method: readSelectedSubItem]]>
    </line>
    <line>
      <![CDATA[]]>
    </line>
    <line>
      <![CDATA[Method: readSelectedSubItems]]>
    </line>
    <line>
      <![CDATA[]]>
    </line>
    <line>
      <![CDATA[<b style='color:green;'>Validation:</b> Original Site Validation:]]>
    </line>
    <line>
      <![CDATA[<br>]]>
    </line>
    <line>
      <![CDATA[<b style='color:green;'>Matches:</b> TATRC Golden State]]>
    </line>
    <line>
      <![CDATA[<br>]]>
    </line>
    <line>
      <![CDATA[Method: readSecurityQuestion1]]>
    </line>
    <line>
      <![CDATA[]]>
    </line>
    <line>
      <![CDATA[Method: readSelectedSubItem]]>
    </line>
    <line>
      <![CDATA[]]>
    </line>
    <line>
      <![CDATA[Method: readSelectedSubItems]]>
    </line>
    <line>
      <![CDATA[]]>
    </line>
    <line>
      <![CDATA[<b style='color:green;'>Validation:</b> Security Question 1 Validation:]]>
    </line>
    <line>
      <![CDATA[<br>]]>
    </line>
    <line>
      <![CDATA[<b style='color:green;'>Matches:</b> What was the make of your first car?]]>
    </line>
    <line>
      <![CDATA[<br>]]>
    </line>
    <line>
      <![CDATA[Method: readSecurityAnswer1]]>
    </line>
    <line>
      <![CDATA[]]>
    </line>
    <line>
      <![CDATA[<b style='color:green;'>Validation:</b> Security Answer 1 Validation:]]>
    </line>
    <line>
      <![CDATA[<br>]]>
    </line>
    <line>
      <![CDATA[<b style='color:green;'>Matches:</b> Geo]]>
    </line>
    <line>
      <![CDATA[<br>]]>
    </line>
    <line>
      <![CDATA[Method: readSecurityQuestion2]]>
    </line>
    <line>
      <![CDATA[]]>
    </line>
    <line>
      <![CDATA[Method: readSelectedSubItem]]>
    </line>
    <line>
      <![CDATA[]]>
    </line>
    <line>
      <![CDATA[Method: readSelectedSubItems]]>
    </line>
    <line>
      <![CDATA[]]>
    </line>
    <line>
      <![CDATA[<b style='color:green;'>Validation:</b> Security Question 2 Validation:]]>
    </line>
    <line>
      <![CDATA[<br>]]>
    </line>
    <line>
      <![CDATA[<b style='color:green;'>Matches:</b> What high school did you attend?]]>
    </line>
    <line>
      <![CDATA[<br>]]>
    </line>
    <line>
      <![CDATA[Method: readSecurityAnswer2]]>
    </line>
    <line>
      <![CDATA[]]>
    </line>
    <line>
      <![CDATA[<b style='color:green;'>Validation:</b> Security Answer 2 Validation:]]>
    </line>
    <line>
      <![CDATA[<br>]]>
    </line>
    <line>
      <![CDATA[<b style='color:green;'>Matches:</b> Haysi]]>
    </line>
    <line>
      <![CDATA[<br>]]>
    </line>
    <line>
      <![CDATA[Method: readSecurityQuestion3]]>
    </line>
    <line>
      <![CDATA[]]>
    </line>
    <line>
      <![CDATA[Method: readSelectedSubItem]]>
    </line>
    <line>
      <![CDATA[]]>
    </line>
    <line>
      <![CDATA[Method: readSelectedSubItems]]>
    </line>
    <line>
      <![CDATA[]]>
    </line>
    <line>
      <![CDATA[<b style='color:green;'>Validation:</b> Security Question 3 Validation:]]>
    </line>
    <line>
      <![CDATA[<br>]]>
    </line>
    <line>
      <![CDATA[<b style='color:green;'>Matches:</b> What is your mother's maiden name?]]>
    </line>
    <line>
      <![CDATA[<br>]]>
    </line>
    <line>
      <![CDATA[Method: readSecurityAnswer3]]>
    </line>
    <line>
      <![CDATA[]]>
    </line>
    <line>
      <![CDATA[<b style='color:green;'>Validation:</b> Security Answer 3 Validation:]]>
    </line>
    <line>
      <![CDATA[<br>]]>
    </line>
    <line>
      <![CDATA[<b style='color:green;'>Matches:</b> Fuller]]>
    </line>
    <line>
      <![CDATA[<br>]]>
    </line>
    <line>
      <![CDATA[Method: readTermsAndConditions]]>
    </line>
    <line>
      <![CDATA[]]>
    </line>
    <line>
      <![CDATA[<b style='color:green;'>Validation:</b> Terms And Conditions Validation:]]>
    </line>
    <line>
      <![CDATA[<br>]]>
    </line>
    <line>
      <![CDATA[<b style='color:green;'>Matches:</b> true]]>
    </line>
    <line>
      <![CDATA[<br>]]>
    </line>
    <line>
      <![CDATA[<br>]]>
    </line>
    <line>
      <![CDATA[<b>Class: <u>utilities.AutomationHelper</u></b>]]>
    </line>
    <line>
      <![CDATA[<br>]]>
    </line>
    <line>
      <![CDATA[Method: finishTest]]>
    </line>
    <line>
      <![CDATA[]]>
    </line>
    <line>
      <![CDATA[<br>]]>
    </line>
    <line>
      <![CDATA[<b>Class: <u>modularScripts.LoginMod</u></b>]]>
    </line>
    <line>
      <![CDATA[<br>]]>
    </line>
    <line>
      <![CDATA[Method: execute]]>
    </line>
    <line>
      <![CDATA[]]>
    </line>
    <line>
      <![CDATA[Method: readPageTitle]]>
    </line>
    <line>
      <![CDATA[]]>
    </line>
    <line>
      <![CDATA[<b style='color:green;'>Validation:</b> Validating Login Page Title]]>
    </line>
    <line>
      <![CDATA[<br>]]>
    </line>
    <line>
      <![CDATA[<b style='color:green;'>Matches:</b> Log in]]>
    </line>
    <line>
      <![CDATA[<br>]]>
    </line>
    <line>
      <![CDATA[Method: clickOkInDODBanner]]>
    </line>
    <line>
      <![CDATA[]]>
    </line>
    <line>
      <![CDATA[Method: setEmail]]>
    </line>
    <line>
      <![CDATA[]]>
    </line>
    <line>
      <![CDATA[Method: setPassword]]>
    </line>
    <line>
      <![CDATA[]]>
    </line>
    <line>
      <![CDATA[Method: clickLogin]]>
    </line>
    <line>
      <![CDATA[]]>
    </line>
    <line>
      <![CDATA[Method: readPageTitle]]>
    </line>
    <line>
      <![CDATA[]]>
    </line>
    <line>
      <![CDATA[Method: readPageTitle]]>
    </line>
    <line>
      <![CDATA[]]>
    </line>
    <line>
      <![CDATA[Method: readEmailError]]>
    </line>
    <line>
      <![CDATA[]]>
    </line>
    <line>
      <![CDATA[Method: readPasswordError]]>
    </line>
    <line>
      <![CDATA[]]>
    </line>
    <line>
      <![CDATA[Method: readSummaryErrors]]>
    </line>
    <line>
      <![CDATA[]]>
    </line>
    <line>
      <![CDATA[<b style='color:green;'>Validation:</b> Validating email error]]>
    </line>
    <line>
      <![CDATA[<br>]]>
    </line>
    <line>
      <![CDATA[<b style='color:green;'>Matches:</b> The Email field is required.]]>
    </line>
    <line>
      <![CDATA[<br>]]>
    </line>
    <line>
      <![CDATA[<br>]]>
    </line>
    <line>
      <![CDATA[<b>Class: <u>modularScripts.LoginMod</u></b>]]>
    </line>
    <line>
      <![CDATA[<br>]]>
    </line>
    <line>
      <![CDATA[Method: execute]]>
    </line>
    <line>
      <![CDATA[]]>
    </line>
    <line>
      <![CDATA[Method: readPageTitle]]>
    </line>
    <line>
      <![CDATA[]]>
    </line>
    <line>
      <![CDATA[<b style='color:green;'>Validation:</b> Validating Login Page Title]]>
    </line>
    <line>
      <![CDATA[<br>]]>
    </line>
    <line>
      <![CDATA[<b style='color:green;'>Matches:</b> Log in]]>
    </line>
    <line>
      <![CDATA[<br>]]>
    </line>
    <line>
      <![CDATA[Method: clickOkInDODBanner]]>
    </line>
    <line>
      <![CDATA[]]>
    </line>
    <line>
      <![CDATA[Method: setEmail]]>
    </line>
    <line>
      <![CDATA[]]>
    </line>
    <line>
      <![CDATA[Method: setPassword]]>
    </line>
    <line>
      <![CDATA[]]>
    </line>
    <line>
      <![CDATA[Method: clickLogin]]>
    </line>
    <line>
      <![CDATA[]]>
    </line>
    <line>
      <![CDATA[Method: readPageTitle]]>
    </line>
    <line>
      <![CDATA[]]>
    </line>
    <line>
      <![CDATA[Method: readPageTitle]]>
    </line>
    <line>
      <![CDATA[]]>
    </line>
    <line>
      <![CDATA[Method: readEmailError]]>
    </line>
    <line>
      <![CDATA[]]>
    </line>
    <line>
      <![CDATA[Method: readPasswordError]]>
    </line>
    <line>
      <![CDATA[]]>
    </line>
    <line>
      <![CDATA[Method: readSummaryErrors]]>
    </line>
    <line>
      <![CDATA[]]>
    </line>
    <line>
      <![CDATA[<b style='color:green;'>Validation:</b> Validating email error]]>
    </line>
    <line>
      <![CDATA[<br>]]>
    </line>
    <line>
      <![CDATA[<b style='color:green;'>Matches:</b> Invalid Email Address.]]>
    </line>
    <line>
      <![CDATA[<br>]]>
    </line>
    <line>
      <![CDATA[<br>]]>
    </line>
    <line>
      <![CDATA[<b>Class: <u>modularScripts.LoginMod</u></b>]]>
    </line>
    <line>
      <![CDATA[<br>]]>
    </line>
    <line>
      <![CDATA[Method: execute]]>
    </line>
    <line>
      <![CDATA[]]>
    </line>
    <line>
      <![CDATA[Method: readPageTitle]]>
    </line>
    <line>
      <![CDATA[]]>
    </line>
    <line>
      <![CDATA[<b style='color:green;'>Validation:</b> Validating Login Page Title]]>
    </line>
    <line>
      <![CDATA[<br>]]>
    </line>
    <line>
      <![CDATA[<b style='color:green;'>Matches:</b> Log in]]>
    </line>
    <line>
      <![CDATA[<br>]]>
    </line>
    <line>
      <![CDATA[Method: clickOkInDODBanner]]>
    </line>
    <line>
      <![CDATA[]]>
    </line>
    <line>
      <![CDATA[Method: setEmail]]>
    </line>
    <line>
      <![CDATA[]]>
    </line>
    <line>
      <![CDATA[Method: setPassword]]>
    </line>
    <line>
      <![CDATA[]]>
    </line>
    <line>
      <![CDATA[Method: clickLogin]]>
    </line>
    <line>
      <![CDATA[]]>
    </line>
    <line>
      <![CDATA[Method: readPageTitle]]>
    </line>
    <line>
      <![CDATA[]]>
    </line>
    <line>
      <![CDATA[Method: readPageTitle]]>
    </line>
    <line>
      <![CDATA[]]>
    </line>
    <line>
      <![CDATA[Method: readEmailError]]>
    </line>
    <line>
      <![CDATA[]]>
    </line>
    <line>
      <![CDATA[Method: readPasswordError]]>
    </line>
    <line>
      <![CDATA[]]>
    </line>
    <line>
      <![CDATA[Method: readSummaryErrors]]>
    </line>
    <line>
      <![CDATA[]]>
    </line>
    <line>
      <![CDATA[<b style='color:green;'>Validation:</b> Validating password error]]>
    </line>
    <line>
      <![CDATA[<br>]]>
    </line>
    <line>
      <![CDATA[<b style='color:green;'>Matches:</b> The Password field is required.]]>
    </line>
    <line>
      <![CDATA[<br>]]>
    </line>
    <line>
      <![CDATA[<br>]]>
    </line>
    <line>
      <![CDATA[<b>Class: <u>modularScripts.LoginMod</u></b>]]>
    </line>
    <line>
      <![CDATA[<br>]]>
    </line>
    <line>
      <![CDATA[Method: execute]]>
    </line>
    <line>
      <![CDATA[]]>
    </line>
    <line>
      <![CDATA[Method: readPageTitle]]>
    </line>
    <line>
      <![CDATA[]]>
    </line>
    <line>
      <![CDATA[<b style='color:green;'>Validation:</b> Validating Login Page Title]]>
    </line>
    <line>
      <![CDATA[<br>]]>
    </line>
    <line>
      <![CDATA[<b style='color:green;'>Matches:</b> Log in]]>
    </line>
    <line>
      <![CDATA[<br>]]>
    </line>
    <line>
      <![CDATA[Method: clickOkInDODBanner]]>
    </line>
    <line>
      <![CDATA[]]>
    </line>
    <line>
      <![CDATA[Method: setEmail]]>
    </line>
    <line>
      <![CDATA[]]>
    </line>
    <line>
      <![CDATA[Method: setPassword]]>
    </line>
    <line>
      <![CDATA[]]>
    </line>
    <line>
      <![CDATA[Method: clickLogin]]>
    </line>
    <line>
      <![CDATA[]]>
    </line>
[...]
          <params>
            <param index="0">
              <value>
                <![CDATA[scott_DHA_super_user@mail.mil]]>
              </value>
            </param>
          </params>
          <exception class="java.lang.AssertionError">
            <message>
              <![CDATA[Validate URL changed to https://nat-p12.tatrc.org/JMedSim_Test/MetadataCategories/Index.* expected [true] but found [false]]]>
            </message>
            <full-stacktrace>
              <![CDATA[java.lang.AssertionError: Validate URL changed to https://nat-p12.tatrc.org/JMedSim_Test/MetadataCategories/Index.* expected [true] but found [false]
	at org.testng.Assert.fail(Assert.java:93)
	at org.testng.Assert.failNotEquals(Assert.java:512)
	at org.testng.Assert.assertTrue(Assert.java:41)
	at pageFactories.MenusPageFactory.<init>(MenusPageFactory.java:38)
	at pageFactories.IndexBase.<init>(IndexBase.java:30)
	at pageFactories.Admin.AdminMetadataPages.MetadataCategoryPageFactory.<init>(MetadataCategoryPageFactory.java:28)
	at testCases.Admin.Metadata.MetadataCategoryAddEditDelete.editNewMetadataCategoryRecord(MetadataCategoryAddEditDelete.java:155)
	at testCases.Admin.Metadata.MetadataCategoryAddEditDelete.execute(MetadataCategoryAddEditDelete.java:98)
	at sun.reflect.NativeMethodAccessorImpl.invoke0(Native Method)
	at sun.reflect.NativeMethodAccessorImpl.invoke(Unknown Source)
	at sun.reflect.DelegatingMethodAccessorImpl.invoke(Unknown Source)
	at java.lang.reflect.Method.invoke(Unknown Source)
	at org.testng.internal.MethodInvocationHelper.invokeMethod(MethodInvocationHelper.java:108)
	at org.testng.internal.Invoker.invokeMethod(Invoker.java:661)
	at org.testng.internal.Invoker.invokeTestMethod(Invoker.java:869)
	at org.testng.internal.Invoker.invokeTestMethods(Invoker.java:1193)
	at org.testng.internal.TestMethodWorker.invokeTestMethods(TestMethodWorker.java:126)
	at org.testng.internal.TestMethodWorker.run(TestMethodWorker.java:109)
	at java.util.concurrent.ThreadPoolExecutor.runWorker(Unknown Source)
	at java.util.concurrent.ThreadPoolExecutor$Worker.run(Unknown Source)
	at java.lang.Thread.run(Unknown Source)
]]>
            </full-stacktrace>
          </exception> <!-- java.lang.AssertionError -->
          <reporter-output>
            <line>
              <![CDATA[<br>]]>
            </line>
            <line>
              <![CDATA[<b>Class: <u>modularScripts.LoginMod</u></b>]]>
            </line>
            <line>
              <![CDATA[<br>]]>
            </line>
            <line>
              <![CDATA[Method: execute]]>
            </line>
            <line>
              <![CDATA[]]>
            </line>
            <line>
              <![CDATA[Method: readPageTitle]]>
            </line>
            <line>
              <![CDATA[]]>
            </line>
            <line>
              <![CDATA[<b style='color:green;'>Validation:</b> Validating Login Page Title]]>
            </line>
            <line>
              <![CDATA[<br>]]>
            </line>
            <line>
              <![CDATA[<b style='color:green;'>Matches:</b> Log in]]>
            </line>
            <line>
              <![CDATA[<br>]]>
            </line>
            <line>
              <![CDATA[Method: clickOkInDODBanner]]>
            </line>
            <line>
              <![CDATA[]]>
            </line>
            <line>
              <![CDATA[Method: setEmail]]>
            </line>
            <line>
              <![CDATA[]]>
            </line>
            <line>
              <![CDATA[Method: setPassword]]>
            </line>
            <line>
              <![CDATA[]]>
            </line>
            <line>
              <![CDATA[Method: clickLogin]]>
            </line>
            <line>
              <![CDATA[]]>
            </line>
            <line>
              <![CDATA[Method: readPageTitle]]>
            </line>
            <line>
              <![CDATA[]]>
            </line>
            <line>
              <![CDATA[Method: readPageTitle]]>
            </line>
            <line>
              <![CDATA[]]>
            </line>
            <line>
              <![CDATA[Writing value '2019/11/07 08.27.50' to worksheet 'Name: /xl/worksheets/sheet1.xml - Content Type: application/vnd.openxmlformats-officedocument.spreadsheetml.worksheet+xml' in column index '8'...]]>
            </line>
            <line>
              <![CDATA[Excel file updated]]>
            </line>
            <line>
              <![CDATA[Waiting for page to load completely...]]>
            </line>
            <line>
              <![CDATA[The page 'JMedSIM - JMedSim' is fully loaded now.]]>
            </line>
            <line>
              <![CDATA[]]>
            </line>
            <line>
              <![CDATA[Method: clickMetadataCategoryInAdmin]]>
            </line>
            <line>
              <![CDATA[]]>
            </line>
            <line>
              <![CDATA[Waiting for page to load completely...]]>
            </line>
            <line>
              <![CDATA[The page 'Metadata Category - JMedSim' is fully loaded now.]]>
            </line>
            <line>
              <![CDATA[]]>
            </line>
            <line>
              <![CDATA[Method: setSearchBy]]>
            </line>
            <line>
              <![CDATA[]]>
            </line>
            <line>
              <![CDATA[Method: clickSearch]]>
            </line>
            <line>
              <![CDATA[]]>
            </line>
            <line>
              <![CDATA[Beginning read for column 'Metadata Category' where primary column header is 'Metadata Category' and primary column value is 'Autoammunie' on page 1.]]>
            </line>
            <line>
              <![CDATA[Method: clearSearchBy]]>
            </line>
            <line>
              <![CDATA[]]>
            </line>
            <line>
              <![CDATA[Method: clickSearch]]>
            </line>
            <line>
              <![CDATA[]]>
            </line>
            <line>
              <![CDATA[Beginning link click for row Other and link title Details.]]>
            </line>
            <line>
              <![CDATA[Method: isSkipToPreviousNavigationPresent]]>
            </line>
            <line>
              <![CDATA[]]>
            </line>
            <line>
              <![CDATA[Method: isSkipToNextNavigationPresent]]>
            </line>
            <line>
              <![CDATA[]]>
            </line>
            <line>
              <![CDATA[Method: isSkipToNextNavigationPresent]]>
            </line>
            <line>
              <![CDATA[]]>
            </line>
            <line>
              <![CDATA[Method: clickSkipToNextNavigationLink]]>
            </line>
            <line>
              <![CDATA[]]>
            </line>
            <line>
              <![CDATA[Method: isSkipToNextNavigationPresent]]>
            </line>
            <line>
              <![CDATA[]]>
            </line>
            <line>
              <![CDATA[Link Details clicked for row Other.]]>
            </line>
            <line>
              <![CDATA[]]>
            </line>
            <line>
              <![CDATA[Waiting for page to load completely...]]>
            </line>
            <line>
              <![CDATA[The page 'Metadata Category Details - JMedSim' is fully loaded now.]]>
            </line>
            <line>
              <![CDATA[]]>
            </line>
            <line>
              <![CDATA[Method: readMetadataCategory]]>
            </line>
            <line>
              <![CDATA[]]>
            </line>
            <line>
              <![CDATA[Method: isActiveChecked]]>
            </line>
            <line>
              <![CDATA[]]>
            </line>
            <line>
              <![CDATA[Method: clickMetadataCategoryInAdmin]]>
            </line>
            <line>
              <![CDATA[]]>
            </line>
            <line>
              <![CDATA[Waiting for page to load completely...]]>
            </line>
            <line>
              <![CDATA[The page 'Metadata Category - JMedSim' is fully loaded now.]]>
            </line>
            <line>
              <![CDATA[]]>
            </line>
            <line>
              <![CDATA[Method: clickCreateMetadataCategory]]>
            </line>
            <line>
              <![CDATA[]]>
            </line>
            <line>
              <![CDATA[Waiting for page to load completely...]]>
            </line>
            <line>
              <![CDATA[The page 'Create Metadata Category - JMedSim' is fully loaded now.]]>
            </line>
            <line>
              <![CDATA[]]>
            </line>
            <line>
              <![CDATA[Method: clearMetadataCategory]]>
            </line>
            <line>
              <![CDATA[]]>
            </line>
            <line>
              <![CDATA[Method: setMetadataCategory]]>
            </line>
            <line>
              <![CDATA[]]>
            </line>
            <line>
              <![CDATA[Method: readMetadataCategoryErrorMessage]]>
            </line>
            <line>
              <![CDATA[]]>
            </line>
            <line>
              <![CDATA[Method: clearMetadataCategory]]>
            </line>
            <line>
              <![CDATA[]]>
            </line>
            <line>
              <![CDATA[Method: readMetadataCategoryErrorMessage]]>
            </line>
            <line>
              <![CDATA[]]>
            </line>
            <line>
              <![CDATA[Method: clearMetadataCategory]]>
            </line>
            <line>
              <![CDATA[]]>
            </line>
            <line>
              <![CDATA[Method: setMetadataCategory]]>
            </line>
            <line>
              <![CDATA[]]>
            </line>
            <line>
              <![CDATA[Method: readMetadataCategoryErrorMessage]]>
            </line>
            <line>
              <![CDATA[]]>
            </line>
            <line>
              <![CDATA[Method: clickBackToList]]>
            </line>
            <line>
              <![CDATA[]]>
            </line>
            <line>
              <![CDATA[Waiting for page to load completely...]]>
            </line>
            <line>
              <![CDATA[The page 'Metadata Category - JMedSim' is fully loaded now.]]>
            </line>
            <line>
              <![CDATA[]]>
            </line>
            <line>
              <![CDATA[Method: clickCreateMetadataCategory]]>
            </line>
            <line>
              <![CDATA[]]>
            </line>
            <line>
              <![CDATA[Waiting for page to load completely...]]>
            </line>
            <line>
              <![CDATA[The page 'Create Metadata Category - JMedSim' is fully loaded now.]]>
            </line>
            <line>
              <![CDATA[]]>
            </line>
            <line>
              <![CDATA[Method: setMetadataCategory]]>
            </line>
            <line>
              <![CDATA[]]>
            </line>
            <line>
              <![CDATA[Method: setActiveCheckbox]]>
            </line>
            <line>
              <![CDATA[]]>
            </line>
            <line>
              <![CDATA[Waiting for page to load completely...]]>
            </line>
            <line>
              <![CDATA[The page 'Metadata Category - JMedSim' is fully loaded now.]]>
            </line>
            <line>
              <![CDATA[]]>
            </line>
            <line>
              <![CDATA[Beginning isRowInTable search for .*TEMP_Time Points.*.]]>
            </line>
            <line>
              <![CDATA[Method: isSkipToPreviousNavigationPresent]]>
            </line>
            <line>
              <![CDATA[]]>
            </line>
            <line>
              <![CDATA[Method: isSkipToNextNavigationPresent]]>
            </line>
            <line>
              <![CDATA[]]>
            </line>
            <line>
              <![CDATA[Method: isSkipToNextNavigationPresent]]>
            </line>
            <line>
              <![CDATA[]]>
            </line>
            <line>
              <![CDATA[Method: clickSkipToNextNavigationLink]]>
            </line>
            <line>
              <![CDATA[]]>
            </line>
            <line>
              <![CDATA[Method: isSkipToNextNavigationPresent]]>
            </line>
            <line>
              <![CDATA[]]>
            </line>
            <line>
              <![CDATA[Table search completed for .*TEMP_Time Points.* and Row Found = true after searching through 2pages.]]>
            </line>
            <line>
              <![CDATA[]]>
            </line>
            <line>
              <![CDATA[Beginning link click for row TEMP_Time Points and link title Edit.]]>
            </line>
            <line>
              <![CDATA[Method: isSkipToPreviousNavigationPresent]]>
            </line>
            <line>
              <![CDATA[]]>
            </line>
            <line>
              <![CDATA[Method: clickSkipToPreviousNavigationLink]]>
            </line>
            <line>
              <![CDATA[]]>
            </line>
            <line>
              <![CDATA[Method: isSkipToPreviousNavigationPresent]]>
            </line>
            <line>
              <![CDATA[]]>
            </line>
            <line>
              <![CDATA[Method: isSkipToNextNavigationPresent]]>
            </line>
            <line>
              <![CDATA[]]>
            </line>
            <line>
              <![CDATA[Method: isSkipToNextNavigationPresent]]>
            </line>
            <line>
              <![CDATA[]]>
            </line>
            <line>
              <![CDATA[Method: clickSkipToNextNavigationLink]]>
            </line>
            <line>
              <![CDATA[]]>
            </line>
            <line>
              <![CDATA[Method: isSkipToNextNavigationPresent]]>
            </line>
            <line>
              <![CDATA[]]>
            </line>
            <line>
              <![CDATA[Link Edit clicked for row TEMP_Time Points.]]>
            </line>
            <line>
              <![CDATA[]]>
            </line>
            <line>
              <![CDATA[Waiting for page to load completely...]]>
            </line>
            <line>
              <![CDATA[The page 'Edit Metadata Category - JMedSim' is fully loaded now.]]>
            </line>
            <line>
              <![CDATA[]]>
            </line>
            <line>
              <![CDATA[Method: readMetadataCategory]]>
            </line>
            <line>
              <![CDATA[]]>
            </line>
            <line>
              <![CDATA[Method: isActiveChecked]]>
            </line>
            <line>
              <![CDATA[]]>
            </line>
            <line>
              <![CDATA[Method: clickBackToList]]>
            </line>
            <line>
              <![CDATA[]]>
            </line>
            <line>
              <![CDATA[Waiting for page to load completely...]]>
            </line>
            <line>
              <![CDATA[The page 'Metadata Category - JMedSim' is fully loaded now.]]>
            </line>
            <line>
              <![CDATA[]]>
            </line>
            <line>
              <![CDATA[Beginning link click for row TEMP_Time Points and link title Edit.]]>
            </line>
            <line>
              <![CDATA[Method: isSkipToPreviousNavigationPresent]]>
            </line>
            <line>
              <![CDATA[]]>
            </line>
            <line>
              <![CDATA[Method: clickSkipToPreviousNavigationLink]]>
            </line>
            <line>
              <![CDATA[]]>
            </line>
            <line>
              <![CDATA[Method: isSkipToPreviousNavigationPresent]]>
            </line>
            <line>
              <![CDATA[]]>
            </line>
            <line>
              <![CDATA[Method: isSkipToNextNavigationPresent]]>
            </line>
            <line>
              <![CDATA[]]>
            </line>
            <line>
              <![CDATA[Method: isSkipToNextNavigationPresent]]>
            </line>
            <line>
              <![CDATA[]]>
            </line>
            <line>
              <![CDATA[Method: clickSkipToNextNavigationLink]]>
            </line>
            <line>
              <![CDATA[]]>
            </line>
            <line>
              <![CDATA[Method: isSkipToNextNavigationPresent]]>
            </line>
            <line>
              <![CDATA[]]>
            </line>
            <line>
              <![CDATA[Link Edit clicked for row TEMP_Time Points.]]>
            </line>
            <line>
              <![CDATA[]]>
            </line>
            <line>
              <![CDATA[Waiting for page to load completely...]]>
            </line>
            <line>
              <![CDATA[The page 'Edit Metadata Category - JMedSim' is fully loaded now.]]>
            </line>
            <line>
              <![CDATA[]]>
            </line>
            <line>
              <![CDATA[Method: setMetadataCategory]]>
            </line>
            <line>
              <![CDATA[]]>
            </line>
            <line>
              <![CDATA[Method: setActiveCheckbox]]>
            </line>
            <line>
              <![CDATA[]]>
            </line>
            <line>
              <![CDATA[Method: clickSave]]>
            </line>
            <line>
              <![CDATA[]]>
            </line>
            <line>
              <![CDATA[Waiting for page to load completely...]]>
            </line>
            <line>
              <![CDATA[The page 'Edit Metadata Category - JMedSim' is fully loaded now.]]>
            </line>
            <line>
              <![CDATA[]]>
            </line>
          </reporter-output>
        </test-method> <!-- execute -->
        <test-method status="PASS" signature="afterMethod()[pri:0, instance:testCases.Admin.Metadata.MetadataCategoryAddEditDelete@776b83cc]" name="afterMethod" is-config="true" duration-ms="732" started-at="2019-11-07T08:29:03Z" finished-at="2019-11-07T08:29:03Z">
          <reporter-output>
          </reporter-output>
        </test-method> <!-- afterMethod -->
        <test-method status="PASS" signature="afterClass()[pri:0, instance:testCases.Admin.Metadata.MetadataCategoryAddEditDelete@776b83cc]" name="afterClass" is-config="true" duration-ms="0" started-at="2019-11-07T08:29:03Z" finished-at="2019-11-07T08:29:03Z">
          <reporter-output>
            <line>
              <![CDATA[<br>]]>
            </line>
            <line>
              <![CDATA[<b>Class: <u>utilities.AutomationHelper</u></b>]]>
            </line>
            <line>
              <![CDATA[<br>]]>
            </line>
            <line>
              <![CDATA[Method: finishTest]]>
            </line>
            <line>
              <![CDATA[]]>
            </line>
          </reporter-output>
        </test-method> <!-- afterClass -->
      </class> <!-- testCases.Admin.Metadata.MetadataCategoryAddEditDelete -->
    </test> <!-- Admin - Metadata - Metadata Category - Add/Edit/Delete/ErrorCheck -->
  </suite> <!-- JMedSim Test Suite -->
</testng-results>
